C51 COMPILER V9.60.0.0   EXTI                                                              12/31/2019 23:22:24 PAGE 1   


C51 COMPILER V9.60.0.0, COMPILATION OF MODULE EXTI
OBJECT MODULE PLACED IN .\Objects\EXTI.obj
COMPILER INVOKED BY: C:\Keil_v5\C51\BIN\C51.EXE EXTI.c OPTIMIZE(8,SPEED) BROWSE INCDIR(..\..\Include) DEFINE(FOSC_160000
                    -) DEBUG OBJECTEXTEND PRINT(.\Listings\EXTI.lst) OBJECT(.\Objects\EXTI.obj)

line level    source

   1          #include "N76E003.h"
   2          #include "SFR_Macro.h"
   3          #include "Function_define.h"
   4          #include "Common.h"
   5          #include "Delay.h"
   6          
   7          
   8          void setup(void);
   9          
  10          
  11          void EXT_INT0(void) 
  12          interrupt 0
  13          {
  14   1              set_P00;
  15   1      }
  16          
  17          
  18          void EXT_INT1(void) 
  19          interrupt 2
  20          {
  21   1              set_P01;
  22   1      }
  23          
  24          
  25          void main(void)
  26          {
  27   1              setup();
  28   1              
  29   1              while(1)
  30   1              {
  31   2                      Timer0_Delay1ms(1000);
  32   2                      clr_P00;
  33   2                      clr_P01;
  34   2              }
  35   1      }
  36          
  37          
  38          void setup(void)
  39          {
  40   1              P00_PushPull_Mode;
  41   1              P01_PushPull_Mode;
  42   1              P17_Input_Mode;
  43   1              P30_Input_Mode; 
  44   1              set_P1S_7;
  45   1              set_P3S_0;
  46   1              set_IT0;
  47   1              set_IT1;
  48   1              set_EX0;
  49   1              set_EX1;
  50   1        set_EA;       
  51   1      }


MODULE INFORMATION:   STATIC OVERLAYABLE
C51 COMPILER V9.60.0.0   EXTI                                                              12/31/2019 23:22:24 PAGE 2   

   CODE SIZE        =    118    ----
   CONSTANT SIZE    =   ----    ----
   XDATA SIZE       =   ----    ----
   PDATA SIZE       =   ----    ----
   DATA SIZE        =   ----    ----
   IDATA SIZE       =   ----    ----
   BIT SIZE         =   ----    ----
END OF MODULE INFORMATION.


C51 COMPILATION COMPLETE.  0 WARNING(S),  0 ERROR(S)
