C51 COMPILER V9.56.0.0   MAIN                                                              07/25/2018 21:03:19 PAGE 1   


C51 COMPILER V9.56.0.0, COMPILATION OF MODULE MAIN
OBJECT MODULE PLACED IN .\Objects\main.obj
COMPILER INVOKED BY: C:\Keil_v5\C51\BIN\C51.EXE main.c OPTIMIZE(8,SPEED) BROWSE INCDIR(..\..\Include;..\..\My_Libraries\
                    -2 Wire LCD  (Software Delay);..\..\My_Libraries\Software Delay) DEFINE(FOSC_160000) DEBUG OBJECTEXTEND PRINT(.\Listings\
                    -main.lst) TABS(2) OBJECT(.\Objects\main.obj)

line level    source

   1          #include "N76E003.h"
   2          #include "SFR_Macro.h"
   3          #include "Function_define.h"
   4          #include "Common.h"
   5          #include "Delay.h"
   6          #include "soft_delay.h"
   7          #include "LCD_2_Wire.h"
   8          
   9          
  10          #define sync_high          22000
  11          #define sync_low           14000
  12          #define one_high            3600
  13          #define one_low             2400
  14          #define zero_high           1800
  15          #define zero_low            1200
  16          
  17          
  18          bit received;
  19          unsigned char bits = 0;
  20          unsigned int frames[33];
  21          
  22          
  23          void setup(void);
  24          void set_Timer_0(unsigned int value);
  25          unsigned int get_Timer_0(void);
  26          void erase_frames(void);
  27          unsigned char decode(unsigned char start_pos, unsigned char end_pos);
  28          void decode_NEC(unsigned char *addr, unsigned char *cmd);
  29          void lcd_print(unsigned char x_pos, unsigned char y_pos, unsigned char value);
  30          
  31          
  32          void EXTI0_ISR(void)
  33          interrupt 0
  34          {
  35   1        frames[bits] = get_Timer_0();
  36   1        bits++;
  37   1        set_TR0;
  38   1        
  39   1        if(bits >= 33)
  40   1        {
  41   2           received = 1;
  42   2           clr_EA;
  43   2           clr_TR0;
  44   2        }
  45   1        set_Timer_0(0x0000);
  46   1        P15 = ~P15;
  47   1      }
  48          
  49          
  50          void main(void)
  51          {
  52   1        unsigned char address = 0x00;
  53   1        unsigned char command = 0x00;
C51 COMPILER V9.56.0.0   MAIN                                                              07/25/2018 21:03:19 PAGE 2   

  54   1        
  55   1        setup();
  56   1      
  57   1        while(1)
  58   1        {    
  59   2           if(received)
  60   2           {
  61   3             decode_NEC(&address, &command);
  62   3             lcd_print(13, 0, address); 
  63   3             lcd_print(13, 1, command);
  64   3             delay_ms(100);
  65   3             erase_frames();
  66   3             set_EA;
  67   3           }
  68   2        };
  69   1      }
  70          
  71          
  72          void setup(void)
  73          { 
  74   1        erase_frames();
  75   1        P15_PushPull_Mode;  
  76   1        TIMER0_MODE1_ENABLE;           
  77   1        set_Timer_0(0x0000); 
  78   1        set_IT0;
  79   1        set_EX0;  
  80   1        set_EA;
  81   1        
  82   1        LCD_init();
  83   1        LCD_clear_home(); 
  84   1        LCD_goto(0, 0); 
  85   1        LCD_putstr("Address:");
  86   1        LCD_goto(0, 1); 
  87   1        LCD_putstr("Command:");
  88   1      }
  89          
  90          
  91          void set_Timer_0(unsigned int value)
  92          {
  93   1        TH0 = ((value && 0xFF00) >> 8);
  94   1        TL0 = (value & 0x00FF);
  95   1      }
  96          
  97          
  98          unsigned int get_Timer_0(void)
  99          {
 100   1        unsigned int value = 0x0000;
 101   1        
 102   1        value = TH0;
 103   1        value <<= 8;
 104   1        value |= TL0;
 105   1      
 106   1        return value; 
 107   1      }
 108          
 109          
 110          void erase_frames(void)
 111          {
 112   1        for(bits = 0; bits < 33; bits++)
 113   1        {
 114   2          frames[bits] = 0x0000;
 115   2        }
C51 COMPILER V9.56.0.0   MAIN                                                              07/25/2018 21:03:19 PAGE 3   

 116   1      
 117   1        set_Timer_0(0x0000); 
 118   1        received = 0;
 119   1        bits = 0;
 120   1      }
 121          
 122          
 123          unsigned char decode(unsigned char start_pos, unsigned char end_pos)
 124          {
 125   1        unsigned char value = 0;
 126   1      
 127   1        for(bits = start_pos; bits <= end_pos; bits++)
 128   1        {
 129   2          value <<= 1;
 130   2          
 131   2          if((frames[bits] >= one_low) && (frames[bits] <= one_high))
 132   2          {
 133   3            value |= 1;
 134   3          }
 135   2          
 136   2          else if((frames[bits] >= zero_low) && (frames[bits] <= zero_high))
 137   2          {
 138   3            value |= 0;
 139   3          }
 140   2          
 141   2          else if((frames[bits] >= sync_low) && (frames[bits] <= sync_high))
 142   2          {
 143   3            return 0xFF;
 144   3          }
 145   2        }
 146   1      
 147   1        return value;
 148   1      }
 149          
 150          
 151          void decode_NEC(unsigned char *addr, unsigned char *cmd)
 152          {
 153   1        *addr = decode(2, 9);
 154   1        *cmd = decode(18, 25);
 155   1      }
 156          
 157          
 158          void lcd_print(unsigned char x_pos, unsigned char y_pos, unsigned char value)
 159          {  
 160   1        LCD_goto(x_pos, y_pos);
 161   1        LCD_putchar((value / 100) + 0x30);
 162   1        LCD_goto((x_pos + 1), y_pos);
 163   1        LCD_putchar(((value % 10) / 10) + 0x30);
 164   1        LCD_goto((x_pos + 2), y_pos);
 165   1        LCD_putchar((value % 10) + 0x30);
 166   1      }


MODULE INFORMATION:   STATIC OVERLAYABLE
   CODE SIZE        =    484    ----
   CONSTANT SIZE    =     18    ----
   XDATA SIZE       =   ----    ----
   PDATA SIZE       =   ----    ----
   DATA SIZE        =     67      11
   IDATA SIZE       =   ----    ----
   BIT SIZE         =      1    ----
END OF MODULE INFORMATION.

C51 COMPILER V9.56.0.0   MAIN                                                              07/25/2018 21:03:19 PAGE 4   


C51 COMPILATION COMPLETE.  0 WARNING(S),  0 ERROR(S)
