C51 COMPILER V9.56.0.0   MAIN                                                              07/25/2018 14:46:32 PAGE 1   


C51 COMPILER V9.56.0.0, COMPILATION OF MODULE MAIN
OBJECT MODULE PLACED IN .\Objects\main.obj
COMPILER INVOKED BY: C:\Keil_v5\C51\BIN\C51.EXE main.c OPTIMIZE(8,SPEED) BROWSE INCDIR(..\..\Include;..\..\My_Libraries\
                    -3 Wire LCD) DEFINE(FOSC_160000) DEBUG OBJECTEXTEND PRINT(.\Listings\main.lst) TABS(2) OBJECT(.\Objects\main.obj)

line level    source

   1          #include "N76E003.h"
   2          #include "SFR_Macro.h"
   3          #include "Function_define.h"
   4          #include "Common.h"
   5          #include "Delay.h"
   6          #include "LCD_3_Wire.h"
   7          
   8          
   9          #define HIRC    0
  10          #define LIRC    1
  11          #define ECLK    2
  12          
  13          
  14          unsigned char toggle = 0;
  15          unsigned int ms = 0;
  16          
  17          unsigned char sec = 0;
  18          unsigned char min = 0;
  19          unsigned char hrs = 0;
  20          
  21          
  22          void setup(void);
  23          void set_clock_source(unsigned char clock_source);
  24          void disable_clock_source(unsigned char clock_source);
  25          void set_clock_division_factor(unsigned char value);
  26          void set_Timer_1_for_Mode_0(unsigned int value);
  27          unsigned int get_Timer_1_for_Mode_0(void);
  28          void print_C(unsigned char x_pos, unsigned char y_pos, unsigned char value);
  29          void print_I(unsigned char x_pos, unsigned char y_pos, unsigned int value);
  30          
  31          
  32          
  33          void Timer1_ISR (void)     
  34          interrupt 3 
  35          {
  36   1        set_Timer_1_for_Mode_0(0x1D64);
  37   1      
  38   1        ms++;
  39   1        
  40   1        if(ms == 499)
  41   1        {
  42   2          toggle = ~toggle;
  43   2        }
  44   1        
  45   1        if(ms > 999)
  46   1        {
  47   2          ms = 0;
  48   2          sec++;
  49   2          
  50   2          if(sec > 59)
  51   2          {
  52   3            sec = 0;
  53   3            min++;
  54   3            
C51 COMPILER V9.56.0.0   MAIN                                                              07/25/2018 14:46:32 PAGE 2   

  55   3            if(min > 59)
  56   3            {
  57   4              min = 0;
  58   4              hrs++;
  59   4              
  60   4              if(hrs > 23)
  61   4              {
  62   5                hrs = 0;
  63   5              }
  64   4            }
  65   3          }
  66   2        }
  67   1      }
  68          
  69          
  70          void main(void)
  71          {
  72   1        static char txt[] = {"Nu Stopwatch"};
  73   1        
  74   1        setup();
  75   1        
  76   1        LCD_goto(2, 0);
  77   1        LCD_putstr(txt);
  78   1      
  79   1        while(1)
  80   1        {    
  81   2          if(P05 == 1)
  82   2          {
  83   3            set_ET1;                     
  84   3            set_EA;                        
  85   3            set_TR1;                     
  86   3            set_Timer_1_for_Mode_0(0x1D64);
  87   3          }
  88   2          
  89   2          if(P06 == 1)
  90   2          {
  91   3            clr_ET1;                     
  92   3            clr_EA;                       
  93   3            clr_TR1;                    
  94   3            toggle = 0;
  95   3          }
  96   2          
  97   2          if((P05 == 1) && (P06 == 1))
  98   2          {
  99   3            clr_ET1;                      
 100   3            clr_EA;                       
 101   3            clr_TR1;                    
 102   3            
 103   3            ms = 0;
 104   3            sec = 0;
 105   3            min = 0;
 106   3            hrs = 0;
 107   3            
 108   3            toggle = 0;  
 109   3            set_Timer_1_for_Mode_0(0x1D64);
 110   3          }
 111   2          
 112   2      
 113   2          print_C(2, 1, hrs);
 114   2          print_C(5, 1, min);
 115   2          print_C(8, 1, sec);
 116   2          print_I(11, 2, ms);
C51 COMPILER V9.56.0.0   MAIN                                                              07/25/2018 14:46:32 PAGE 3   

 117   2          
 118   2          if(!toggle)
 119   2          {
 120   3             LCD_goto(4, 1);
 121   3             LCD_putchar(':');
 122   3             LCD_goto(7, 1);
 123   3             LCD_putchar(':');
 124   3             LCD_goto(10, 1);
 125   3             LCD_putchar(':');
 126   3          }
 127   2          else
 128   2          {
 129   3             LCD_goto(4, 1);
 130   3             LCD_putchar(' ');
 131   3             LCD_goto(7, 1);
 132   3             LCD_putchar(' ');
 133   3             LCD_goto(10, 1);
 134   3             LCD_putchar(' ');
 135   3          }
 136   2        };
 137   1      }
 138          
 139          
 140          void setup(void)
 141          { 
 142   1        disable_clock_source(ECLK);    // Disable external clock source
 143   1        set_clock_source(HIRC);        // Set HIRC as clock system source
 144   1        set_clock_division_factor(1);  // Scale down system clock frequency to 8 MHz
 145   1        
 146   1        P05_Input_Mode;
 147   1        P06_Input_Mode;
 148   1        
 149   1        clr_T1M;                       // Timer 1 clock = System clock / 12
 150   1        TIMER1_MODE0_ENABLE;           // Set Timer 1 as a 13 bit timer-counter
 151   1        set_Timer_1_for_Mode_0(0x1D64);
 152   1        
 153   1        LCD_init();
 154   1        LCD_clear_home();
 155   1      }
 156          
 157          
 158          void set_clock_source(unsigned char clock_source)
 159          {
 160   1      switch(clock_source)
 161   1      {
 162   2          case LIRC:
 163   2          {
 164   3            set_OSC1;                     
 165   3            clr_OSC0;  
 166   3            
 167   3            break;
 168   3          }
 169   2          
 170   2          case ECLK:
 171   2          {
 172   3            set_EXTEN1;
 173   3            set_EXTEN0;
 174   3            
 175   3            while((CKSWT & SET_BIT3) == 0); 
 176   3            
 177   3            clr_OSC1;                     
 178   3            set_OSC0; 
C51 COMPILER V9.56.0.0   MAIN                                                              07/25/2018 14:46:32 PAGE 4   

 179   3            
 180   3            break;
 181   3          }
 182   2          
 183   2          default:
 184   2          {
 185   3            set_HIRCEN;         
 186   3            
 187   3            while((CKSWT & SET_BIT5) == 0);   
 188   3            
 189   3            clr_OSC1;                       
 190   3            clr_OSC0;
 191   3            
 192   3            break;
 193   3          }
 194   2        }
 195   1      
 196   1        while((CKEN & SET_BIT0) == 1);  
 197   1      }
 198          
 199          
 200          void disable_clock_source(unsigned char clock_source)
 201          {
 202   1        switch(clock_source)
 203   1        {
 204   2          case HIRC:
 205   2          {
 206   3            clr_HIRCEN;
 207   3            break;
 208   3          }
 209   2          
 210   2          default:
 211   2          {
 212   3            clr_EXTEN1;
 213   3            clr_EXTEN0;
 214   3            break;
 215   3          }
 216   2        }
 217   1      }
 218          
 219          
 220          void set_clock_division_factor(unsigned char value)
 221          {
 222   1        CKDIV = value;
 223   1      }
 224          
 225          
 226          void set_Timer_1_for_Mode_0(unsigned int value)
 227          {
 228   1        TL1 = (value & 0x1F);
 229   1        TH1 = ((value & 0xFFE0) >> 5);
 230   1      }
 231          
 232          
 233          unsigned int get_Timer_1_for_Mode_0(void)
 234          {
 235   1        unsigned char hb = 0x00;
 236   1        unsigned char lb = 0x00;
 237   1        unsigned int value = 0x0000;
 238   1        
 239   1        
 240   1        value = TH1;
C51 COMPILER V9.56.0.0   MAIN                                                              07/25/2018 14:46:32 PAGE 5   

 241   1        value <<= 8;
 242   1        value |= TL1;
 243   1        
 244   1        lb = (value & 0x001F);
 245   1        hb = ((value & 0xFFE0) >> 5);
 246   1        
 247   1        value = hb;
 248   1        value <<= 8;
 249   1        value |= lb;  
 250   1      
 251   1        return value; 
 252   1      }
 253          
 254          
 255          void print_C(unsigned char x_pos, unsigned char y_pos, unsigned char value)
 256          {
 257   1        LCD_goto(x_pos, y_pos);
 258   1        LCD_putchar((value / 10) + 0x30);
 259   1        LCD_goto((x_pos + 1), y_pos);
 260   1        LCD_putchar((value % 10) + 0x30);
 261   1      }
 262          
 263          
 264          void print_I(unsigned char x_pos, unsigned char y_pos, unsigned int value)
 265          {
 266   1        LCD_goto(x_pos, y_pos);
 267   1        LCD_putchar((value / 100) + 0x30);
 268   1        LCD_goto((x_pos + 1), y_pos);
 269   1        LCD_putchar(((value % 100) / 10) + 0x30);
 270   1        LCD_goto((x_pos + 2), y_pos);
 271   1        LCD_putchar((value % 10) + 0x30);
 272   1      }


MODULE INFORMATION:   STATIC OVERLAYABLE
   CODE SIZE        =    799    ----
   CONSTANT SIZE    =   ----    ----
   XDATA SIZE       =   ----    ----
   PDATA SIZE       =   ----    ----
   DATA SIZE        =     19       7
   IDATA SIZE       =   ----    ----
   BIT SIZE         =   ----    ----
END OF MODULE INFORMATION.


C51 COMPILATION COMPLETE.  0 WARNING(S),  0 ERROR(S)
