C51 COMPILER V9.56.0.0   MAIN                                                              07/15/2018 21:09:38 PAGE 1   


C51 COMPILER V9.56.0.0, COMPILATION OF MODULE MAIN
OBJECT MODULE PLACED IN .\Objects\main.obj
COMPILER INVOKED BY: C:\Keil_v5\C51\BIN\C51.EXE main.c OPTIMIZE(8,SPEED) BROWSE INCDIR(..\..\Include) DEFINE(FOSC_160000
                    -) DEBUG OBJECTEXTEND PRINT(.\Listings\main.lst) TABS(2) OBJECT(.\Objects\main.obj)

line level    source

   1          #include "N76E003.h"
   2          #include "Common.h"
   3          #include "Delay.h"
   4          #include "SFR_Macro.h"
   5          #include "Function_define.h"
   6          
   7          
   8          void Enable_WDT_Reset_Config(void)
   9          {
  10   1          set_IAPEN;
  11   1          IAPAL = 0x04;
  12   1          IAPAH = 0x00;
  13   1          IAPFD = 0x0F;
  14   1          IAPCN = 0xE1;
  15   1          set_CFUEN;
  16   1          set_IAPGO;                                
  17   1          while((CHPCON&SET_BIT6)==SET_BIT6);         
  18   1          clr_CFUEN;
  19   1          clr_IAPEN;
  20   1      }
  21          
  22          
  23          void main (void)
  24          {
  25   1        unsigned char s = 0;
  26   1        
  27   1        P15_PushPull_Mode;
  28   1      
  29   1        Timer0_Delay1ms(1000);
  30   1        
  31   1        for(s = 0; s <= 9; s++)
  32   1        {
  33   2          P15 = ~P15;
  34   2          Timer0_Delay1ms(60);
  35   2        }
  36   1        
  37   1      //  Enable_WDT_Reset_Config();
  38   1      
  39   1        TA = 0xAA;
  40   1        TA = 0x55;
  41   1        WDCON = 0x07;           
  42   1        set_WDCLR;                          
  43   1        while((WDCON | ~SET_BIT6) == 0xFF);     
  44   1        EA = 1;
  45   1        set_WDTR;                           
  46   1          
  47   1        while(1)
  48   1        {
  49   2          for(s = 0; s <= 9; s++)
  50   2          {
  51   3            P15 = ~P15;
  52   3            Timer0_Delay1ms(200);
  53   3          }
  54   2          while(1);
C51 COMPILER V9.56.0.0   MAIN                                                              07/15/2018 21:09:38 PAGE 2   

  55   2        }
  56   1      }
  57          


MODULE INFORMATION:   STATIC OVERLAYABLE
   CODE SIZE        =    239    ----
   CONSTANT SIZE    =   ----    ----
   XDATA SIZE       =   ----    ----
   PDATA SIZE       =   ----    ----
   DATA SIZE        =   ----       1
   IDATA SIZE       =   ----    ----
   BIT SIZE         =   ----    ----
END OF MODULE INFORMATION.


C51 COMPILATION COMPLETE.  0 WARNING(S),  0 ERROR(S)
