C51 COMPILER V9.56.0.0   SOFT_DELAY                                                        07/25/2018 14:16:52 PAGE 1   


C51 COMPILER V9.56.0.0, COMPILATION OF MODULE SOFT_DELAY
OBJECT MODULE PLACED IN .\Objects\soft_delay.obj
COMPILER INVOKED BY: C:\Keil_v5\C51\BIN\C51.EXE ..\..\My_Libraries\Software Delay\soft_delay.c OPTIMIZE(8,SPEED) BROWSE 
                    -INCDIR(..\..\Include;..\..\My_Libraries\2 Wire LCD  (Software Delay);..\..\My_Libraries\Software Delay) DEFINE(FOSC_1600
                    -00) DEBUG OBJECTEXTEND PRINT(.\Listings\soft_delay.lst) TABS(2) OBJECT(.\Objects\soft_delay.obj)

line level    source

   1          #include "N76E003.h"
   2          #include "SFR_Macro.h"
   3          #include "Function_define.h"
   4          #include "Common.h"
   5          #include "soft_delay.h"
   6          
   7          
   8          void delay_us(unsigned int value)
   9          {
  10   1        value = (value / osc_scalar);
  11   1        
  12   1        while(value > 0)
  13   1        {
  14   2          nop;
  15   2          value--;
  16   2        }
  17   1      }
  18          
  19          
  20          void delay_ms(unsigned int value)
  21          { 
  22   1        while(value > 0)
  23   1        {
  24   2          --value;
  25   2          delay_us(1000);
  26   2        }
  27   1      }


MODULE INFORMATION:   STATIC OVERLAYABLE
   CODE SIZE        =     46    ----
   CONSTANT SIZE    =   ----    ----
   XDATA SIZE       =   ----    ----
   PDATA SIZE       =   ----    ----
   DATA SIZE        =   ----    ----
   IDATA SIZE       =   ----    ----
   BIT SIZE         =   ----    ----
END OF MODULE INFORMATION.


C51 COMPILATION COMPLETE.  0 WARNING(S),  0 ERROR(S)
