C51 COMPILER V9.56.0.0   MAIN                                                              07/25/2018 13:07:27 PAGE 1   


C51 COMPILER V9.56.0.0, COMPILATION OF MODULE MAIN
OBJECT MODULE PLACED IN .\Objects\main.obj
COMPILER INVOKED BY: C:\Keil_v5\C51\BIN\C51.EXE main.c OPTIMIZE(8,SPEED) BROWSE INCDIR(..\..\Include;..\..\My_Libraries\
                    -2 Wire LCD) DEFINE(FOSC_160000) DEBUG OBJECTEXTEND PRINT(.\Listings\main.lst) TABS(2) OBJECT(.\Objects\main.obj)

line level    source

   1          #include "N76E003.h"
   2          #include "SFR_Macro.h"
   3          #include "Function_define.h"
   4          #include "Common.h"
   5          #include "Delay.h"
   6          #include "LCD_2_Wire.h"
   7          
   8          
   9          void show_value(unsigned char value);
  10          
  11          
  12          void main(void)
  13          { 
  14   1        unsigned char s = 0;
  15   1      
  16   1        const char txt1[] = {"MICROARENA"};
  17   1        const char txt2[] = {"SShahryiar"};
  18   1        const char txt3[] = {"Nuvoton 8-bit uC"};
  19   1        const char txt4[] = {"N76E003"};
  20   1        
  21   1        LCD_init();
  22   1      
  23   1        LCD_clear_home();
  24   1      
  25   1        LCD_goto(3, 0);
  26   1        LCD_putstr(txt1);
  27   1        LCD_goto(3, 1);
  28   1        LCD_putstr(txt2);
  29   1        Timer3_Delay100ms(30);
  30   1      
  31   1        LCD_clear_home();
  32   1      
  33   1        for(s = 0; s < 16; s++)
  34   1        {
  35   2          LCD_goto(s, 0);
  36   2          LCD_putchar(txt3[s]);
  37   2          Timer0_Delay1ms(90);
  38   2        }
  39   1        
  40   1        Timer3_Delay100ms(20);
  41   1        
  42   1        for(s = 0; s < 7; s++)
  43   1        {
  44   2          LCD_goto((4 + s), 1);
  45   2          LCD_putchar(txt4[s]);
  46   2          Timer0_Delay1ms(90);
  47   2        }
  48   1        
  49   1        Timer3_Delay100ms(30);
  50   1        
  51   1        s = 0;
  52   1        LCD_clear_home();
  53   1        
  54   1        LCD_goto(3, 0);
C51 COMPILER V9.56.0.0   MAIN                                                              07/25/2018 13:07:27 PAGE 2   

  55   1        LCD_putstr(txt1);
  56   1        
  57   1        while(1)
  58   1        {
  59   2          show_value(s);
  60   2          s++;
  61   2          Timer3_Delay100ms(4);
  62   2        };
  63   1      }
  64          
  65          
  66          void show_value(unsigned char value)
  67          {
  68   1         unsigned char ch = 0x00;
  69   1      
  70   1         ch = ((value / 100) + 0x30);
  71   1         LCD_goto(6, 1);
  72   1         LCD_putchar(ch);
  73   1      
  74   1         ch = (((value / 10) % 10) + 0x30);
  75   1         LCD_goto(7, 1);
  76   1         LCD_putchar(ch);
  77   1      
  78   1         ch = ((value % 10) + 0x30);
  79   1         LCD_goto(8, 1);
  80   1         LCD_putchar(ch);
  81   1      }


MODULE INFORMATION:   STATIC OVERLAYABLE
   CODE SIZE        =    355    ----
   CONSTANT SIZE    =     47    ----
   XDATA SIZE       =   ----    ----
   PDATA SIZE       =   ----    ----
   DATA SIZE        =   ----      50
   IDATA SIZE       =   ----    ----
   BIT SIZE         =   ----    ----
END OF MODULE INFORMATION.


C51 COMPILATION COMPLETE.  0 WARNING(S),  0 ERROR(S)
