C51 COMPILER V9.56.0.0   SW_I2C                                                            07/25/2018 13:07:29 PAGE 1   


C51 COMPILER V9.56.0.0, COMPILATION OF MODULE SW_I2C
OBJECT MODULE PLACED IN .\Objects\SW_I2C.obj
COMPILER INVOKED BY: C:\Keil_v5\C51\BIN\C51.EXE ..\..\My_Libraries\2 Wire LCD\SW_I2C.c OPTIMIZE(8,SPEED) BROWSE INCDIR(.
                    -.\..\My_Libraries\2 Wire LCD;..\..\Include;..\..\My_Libraries\2 Wire LCD) DEFINE(FOSC_160000) DEBUG OBJECTEXTEND PRINT(.
                    -\Listings\SW_I2C.lst) TABS(2) OBJECT(.\Objects\SW_I2C.obj)

line level    source

   1          #include "N76E003.h"
   2          #include "SFR_Macro.h"
   3          #include "Function_define.h"
   4          #include "Common.h"
   5          #include "Delay.h"
   6          #include "SW_I2C.h"
   7          
   8          
   9          void SW_I2C_init(void)
  10          {
  11   1          SDA_DIR_OUT();
  12   1          SCL_DIR_OUT();
  13   1          Timer0_Delay100us(1);
  14   1          SDA_HIGH();
  15   1          SCL_HIGH();
  16   1      }
  17          
  18          
  19          void SW_I2C_start(void)
  20          {
  21   1          SDA_DIR_OUT();
  22   1          SDA_HIGH();
  23   1          SCL_HIGH();
  24   1          Timer3_Delay10us(4);
  25   1          SDA_LOW();
  26   1          Timer3_Delay10us(4);
  27   1          SCL_LOW();
  28   1      }
  29          
  30          
  31          void SW_I2C_stop(void)
  32          {
  33   1          SDA_DIR_OUT();
  34   1          SDA_LOW();
  35   1          SCL_LOW();
  36   1          Timer3_Delay10us(4);
  37   1          SDA_HIGH();
  38   1          SCL_HIGH();
  39   1          Timer3_Delay10us(4);
  40   1      }
  41          
  42          
  43          unsigned char SW_I2C_read(unsigned char ack)
  44          {
  45   1          unsigned char i = 8;
  46   1          unsigned char j = 0;
  47   1      
  48   1          SDA_DIR_IN();
  49   1      
  50   1          while(i > 0)
  51   1          {
  52   2              SCL_LOW();
  53   2              Timer3_Delay10us(2);
C51 COMPILER V9.56.0.0   SW_I2C                                                            07/25/2018 13:07:29 PAGE 2   

  54   2              SCL_HIGH();
  55   2              Timer3_Delay10us(2);
  56   2              j <<= 1;
  57   2      
  58   2              if(SDA_IN() != 0x00)
  59   2              {
  60   3                  j++;
  61   3              }
  62   2      
  63   2              Timer3_Delay10us(1);
  64   2              i--;
  65   2          };
  66   1      
  67   1          switch(ack)
  68   1          {
  69   2              case I2C_ACK:
  70   2              {
  71   3                  SW_I2C_ACK_NACK(I2C_ACK);;
  72   3                  break;
  73   3              }
  74   2              default:
  75   2              {
  76   3                  SW_I2C_ACK_NACK(I2C_NACK);;
  77   3                  break;
  78   3              }
  79   2          }
  80   1      
  81   1          return j;
  82   1      }
  83          
  84          
  85          void SW_I2C_write(unsigned char value)
  86          {
  87   1          unsigned char i = 8;
  88   1      
  89   1          SDA_DIR_OUT();
  90   1          SCL_LOW();
  91   1      
  92   1          while(i > 0)
  93   1          {
  94   2      
  95   2              if(((value & 0x80) >> 7) != 0x00)
  96   2              {
  97   3                  SDA_HIGH();
  98   3              }
  99   2              else
 100   2              {
 101   3                  SDA_LOW();
 102   3              }
 103   2      
 104   2      
 105   2              value <<= 1;
 106   2              Timer3_Delay10us(2);
 107   2              SCL_HIGH();
 108   2              Timer3_Delay10us(2);
 109   2              SCL_LOW();
 110   2              Timer3_Delay10us(2);
 111   2              i--;
 112   2          };
 113   1      }
 114          
 115          
C51 COMPILER V9.56.0.0   SW_I2C                                                            07/25/2018 13:07:29 PAGE 3   

 116          void SW_I2C_ACK_NACK(unsigned char mode)
 117          {
 118   1          SCL_LOW();
 119   1          SDA_DIR_OUT();
 120   1      
 121   1          switch(mode)
 122   1          {
 123   2              case I2C_ACK:
 124   2              {
 125   3                  SDA_LOW();
 126   3                  break;
 127   3              }
 128   2              default:
 129   2              {
 130   3                  SDA_HIGH();
 131   3                  break;
 132   3              }
 133   2          }
 134   1      
 135   1          Timer3_Delay10us(2);
 136   1          SCL_HIGH();
 137   1          Timer3_Delay10us(2);
 138   1          SCL_LOW();
 139   1      }
 140          
 141          
 142          unsigned char SW_I2C_wait_ACK(void)
 143          {
 144   1          signed int timeout = 0;
 145   1      
 146   1          SDA_DIR_IN();
 147   1      
 148   1          SDA_HIGH();
 149   1          Timer3_Delay10us(1);
 150   1          SCL_HIGH();
 151   1          Timer3_Delay10us(1);
 152   1      
 153   1          while(SDA_IN() != 0x00)
 154   1          {
 155   2              timeout++;
 156   2      
 157   2              if(timeout > I2C_timeout)
 158   2              {
 159   3                  SW_I2C_stop();
 160   3                  return 1;
 161   3              }
 162   2          };
 163   1      
 164   1          SCL_LOW();
 165   1          return 0;
 166   1      }


MODULE INFORMATION:   STATIC OVERLAYABLE
   CODE SIZE        =    385    ----
   CONSTANT SIZE    =   ----    ----
   XDATA SIZE       =   ----    ----
   PDATA SIZE       =   ----    ----
   DATA SIZE        =   ----       7
   IDATA SIZE       =   ----    ----
   BIT SIZE         =   ----    ----
END OF MODULE INFORMATION.

C51 COMPILER V9.56.0.0   SW_I2C                                                            07/25/2018 13:07:29 PAGE 4   


C51 COMPILATION COMPLETE.  0 WARNING(S),  0 ERROR(S)
