C51 COMPILER V9.56.0.0   MAIN                                                              07/25/2018 15:55:08 PAGE 1   


C51 COMPILER V9.56.0.0, COMPILATION OF MODULE MAIN
OBJECT MODULE PLACED IN .\Objects\main.obj
COMPILER INVOKED BY: C:\Keil_v5\C51\BIN\C51.EXE main.c OPTIMIZE(8,SPEED) BROWSE INCDIR(..\..\Include;..\..\My_Libraries\
                    -2 Wire LCD  (Software Delay);..\..\My_Libraries\DHT11;..\..\My_Libraries\Software Delay) DEFINE(FOSC_160000) DEBUG OBJEC
                    -TEXTEND PRINT(.\Listings\main.lst) TABS(2) OBJECT(.\Objects\main.obj)

line level    source

   1          #include "N76E003.h"
   2          #include "SFR_Macro.h"
   3          #include "Function_define.h"
   4          #include "Common.h"
   5          #include "Delay.h"
   6          #include "soft_delay.h"
   7          #include "LCD_2_Wire.h"
   8          #include "DHT11.h"
   9          
  10          
  11          unsigned char values[5]; 
  12          
  13          
  14          const unsigned char symbol[8] = 
  15          {
  16             0x00, 0x06, 0x09, 0x09, 0x06, 0x00, 0x00, 0x00
  17          };
  18          
  19          
  20          void setup(void);
  21          void lcd_symbol(void);
  22          void lcd_print(unsigned char x_pos, unsigned char y_pos, unsigned char value);
  23          
  24          
  25          void main(void)
  26          {
  27   1        unsigned char state = 0;
  28   1        
  29   1        setup();
  30   1        
  31   1        while(1)
  32   1        {
  33   2          state = get_data();
  34   2            
  35   2          switch(state)
  36   2          {
  37   3            case 1:
  38   3            {
  39   4            }
  40   3            case 2:
  41   3            {
  42   4               LCD_clear_home(); 
  43   4               LCD_putstr("No Sensor Found!");
  44   4               break;
  45   4            }
  46   3            case 3:
  47   3            {
  48   4               LCD_clear_home(); 
  49   4               LCD_putstr("Checksum Error!");
  50   4               break;
  51   4            }
  52   3            default:
  53   3            {
C51 COMPILER V9.56.0.0   MAIN                                                              07/25/2018 15:55:08 PAGE 2   

  54   4               LCD_goto(0, 0); 
  55   4               LCD_putstr("R.H/ %:       ");
  56   4               
  57   4               lcd_print(14, 0, values[0]);
  58   4               
  59   4               LCD_goto(0, 1); 
  60   4               LCD_putstr("Tmp/");
  61   4               LCD_goto(4, 1); 
  62   4               LCD_send(0, DAT);
  63   4               LCD_goto(5, 1); 
  64   4               LCD_putstr("C:");
  65   4                                         
  66   4               if((values[2] & 0x80) == 1)
  67   4               {
  68   5                 LCD_goto(13, 1); 
  69   5                 LCD_putstr("-");
  70   5               }
  71   4               else
  72   4               {
  73   5                 LCD_goto(13, 1); 
  74   5                 LCD_putstr(" ");
  75   5               }
  76   4                     
  77   4               lcd_print(14, 1, values[2]); 
  78   4               break;
  79   4            }
  80   3          }
  81   2          
  82   2          delay_ms(1000);
  83   2        };
  84   1      }
  85          
  86          
  87          void setup(void)
  88          { 
  89   1        DHT11_init();
  90   1        
  91   1        LCD_init();  
  92   1        LCD_clear_home(); 
  93   1        lcd_symbol();
  94   1      }
  95          
  96          
  97          void lcd_symbol(void)  
  98          {
  99   1        unsigned char s = 0;  
 100   1      
 101   1        LCD_send(0x40, CMD);
 102   1      
 103   1        for(s = 0; s < 8; s++)
 104   1        {
 105   2         LCD_send(symbol[s], DAT);
 106   2        }
 107   1      
 108   1        LCD_send(0x80, CMD);
 109   1      } 
 110          
 111          
 112          void lcd_print(unsigned char x_pos, unsigned char y_pos, unsigned char value)
 113          {
 114   1       unsigned char chr = 0x00;
 115   1       
C51 COMPILER V9.56.0.0   MAIN                                                              07/25/2018 15:55:08 PAGE 3   

 116   1       chr = ((value / 10) + 0x30);
 117   1       LCD_goto(x_pos, y_pos);
 118   1       LCD_putchar(chr); 
 119   1       
 120   1       chr = ((value % 10) + 0x30);
 121   1       LCD_goto((x_pos + 1), y_pos);
 122   1       LCD_putchar(chr); 
 123   1      }
 124          


MODULE INFORMATION:   STATIC OVERLAYABLE
   CODE SIZE        =    280    ----
   CONSTANT SIZE    =     60    ----
   XDATA SIZE       =   ----    ----
   PDATA SIZE       =   ----    ----
   DATA SIZE        =     13       6
   IDATA SIZE       =   ----    ----
   BIT SIZE         =   ----    ----
END OF MODULE INFORMATION.


C51 COMPILATION COMPLETE.  0 WARNING(S),  0 ERROR(S)
