C51 COMPILER V9.56.0.0   MAIN                                                              07/15/2018 21:58:46 PAGE 1   


C51 COMPILER V9.56.0.0, COMPILATION OF MODULE MAIN
OBJECT MODULE PLACED IN .\Objects\main.obj
COMPILER INVOKED BY: C:\Keil_v5\C51\BIN\C51.EXE main.c OPTIMIZE(8,SPEED) BROWSE INCDIR(..\..\Include) DEFINE(FOSC_160000
                    -) DEBUG OBJECTEXTEND PRINT(.\Listings\main.lst) TABS(2) OBJECT(.\Objects\main.obj)

line level    source

   1          #include "N76E003.h"
   2          #include "SFR_Macro.h"
   3          #include "Function_define.h"
   4          #include "Common.h"
   5          #include "Delay.h"
   6          
   7          
   8          void set_PWM_period(unsigned int value);
   9          void set_PWM0(unsigned int value);
  10          void set_PWM1(unsigned int value);
  11          void set_PWM2(unsigned int value);
  12          void set_PWM3(unsigned int value);
  13          void set_PWM4(unsigned int value);
  14          void set_PWM5(unsigned int value);
  15          void set_PWM_dead_time(unsigned int value);
  16          
  17          
  18          void main(void)
  19          {
  20   1        signed int i = 0;
  21   1        
  22   1        P11_PushPull_Mode;
  23   1        P12_PushPull_Mode;
  24   1          
  25   1        PWM0_P12_OUTPUT_ENABLE;  
  26   1        PWM1_P11_OUTPUT_ENABLE;
  27   1      
  28   1        PWM_COMPLEMENTARY_MODE;
  29   1        PWM_CENTER_TYPE;
  30   1        set_CLRPWM;
  31   1        PWM_CLOCK_FSYS;
  32   1        PWM_CLOCK_DIV_64;
  33   1        PWM0_OUTPUT_INVERSE;
  34   1        PWM1_OUTPUT_INVERSE;
  35   1        set_PWM_period(600);
  36   1        set_PWM_dead_time(40);
  37   1        PWM01_DEADTIME_ENABLE;
  38   1        set_PWMRUN;
  39   1      
  40   1        while(1)
  41   1        {
  42   2          for(i = 0; i < 600; i++)
  43   2          {
  44   3            set_PWM0(i);
  45   3            Timer0_Delay1ms(5);
  46   3          }
  47   2          for(i = 600; i > 0; i--)
  48   2          {
  49   3            set_PWM0(i);
  50   3            Timer0_Delay1ms(5);
  51   3          }
  52   2        };
  53   1      }
  54          
C51 COMPILER V9.56.0.0   MAIN                                                              07/15/2018 21:58:46 PAGE 2   

  55          
  56          void set_PWM_period(unsigned int value)
  57          {
  58   1        PWMPL = (value & 0x00FF);
  59   1        PWMPH = ((value & 0xFF00) >> 8);  
  60   1      }
  61          
  62          
  63          void set_PWM0(unsigned int value)
  64          {
  65   1        PWM0L = (value & 0x00FF);
  66   1        PWM0H = ((value & 0xFF00) >> 8);
  67   1        set_LOAD;
  68   1        set_PWMRUN;
  69   1      }
  70          
  71          
  72          void set_PWM1(unsigned int value)
  73          {
  74   1        PWM1L = (value & 0x00FF);
  75   1        PWM1H = ((value & 0xFF00) >> 8);
  76   1        set_LOAD;
  77   1      }
  78          
  79          
  80          void set_PWM2(unsigned int value)
  81          {
  82   1        PWM2L = (value & 0x00FF);
  83   1        PWM2H = ((value & 0xFF00) >> 8);
  84   1        set_LOAD;
  85   1      }
  86          
  87          
  88          void set_PWM3(unsigned int value)
  89          {
  90   1        PWM3L = (value & 0x00FF);
  91   1        PWM3H = ((value & 0xFF00) >> 8);
  92   1        set_LOAD;
  93   1      }
  94          
  95          
  96          void set_PWM4(unsigned int value)
  97          {
  98   1        set_SFRPAGE;
  99   1        PWM4L = (value & 0x00FF);
 100   1        PWM4H = ((value & 0xFF00) >> 8);
 101   1        clr_SFRPAGE;
 102   1        set_LOAD;
 103   1      }
 104          
 105          
 106          void set_PWM5(unsigned int value)
 107          {
 108   1        set_SFRPAGE;
 109   1        PWM5L = (value & 0x00FF);
 110   1        PWM5H = ((value & 0xFF00) >> 8);
 111   1        clr_SFRPAGE;
 112   1        set_LOAD;
 113   1      }
 114          
 115          
 116          void set_PWM_dead_time(unsigned int value)
C51 COMPILER V9.56.0.0   MAIN                                                              07/15/2018 21:58:46 PAGE 3   

 117          {
 118   1        unsigned char hb = 0;
 119   1        unsigned char lb = 0;
 120   1        
 121   1        lb = (value & 0x00FF);
 122   1        hb = ((value & 0x0100) >> 8);
 123   1        BIT_TMP = EA;
 124   1        
 125   1        EA = 0;
 126   1        TA = 0xAA;
 127   1        TA = 0x55;
 128   1        PDTEN &= 0xEF;
 129   1        PDTEN |= hb;
 130   1        PDTCNT = lb;
 131   1        EA = BIT_TMP;
 132   1        
 133   1      }


MODULE INFORMATION:   STATIC OVERLAYABLE
   CODE SIZE        =    341    ----
   CONSTANT SIZE    =   ----    ----
   XDATA SIZE       =   ----    ----
   PDATA SIZE       =   ----    ----
   DATA SIZE        =   ----       2
   IDATA SIZE       =   ----    ----
   BIT SIZE         =   ----    ----
END OF MODULE INFORMATION.


C51 COMPILATION COMPLETE.  0 WARNING(S),  0 ERROR(S)
