C51 COMPILER V9.56.0.0   MAIN                                                              07/25/2018 14:41:22 PAGE 1   


C51 COMPILER V9.56.0.0, COMPILATION OF MODULE MAIN
OBJECT MODULE PLACED IN .\Objects\main.obj
COMPILER INVOKED BY: C:\Keil_v5\C51\BIN\C51.EXE main.c OPTIMIZE(8,SPEED) BROWSE INCDIR(..\..\Include) DEFINE(FOSC_160000
                    -) DEBUG OBJECTEXTEND PRINT(.\Listings\main.lst) TABS(2) OBJECT(.\Objects\main.obj)

line level    source

   1          #include "N76E003.h"
   2          #include "SFR_Macro.h"
   3          #include "Function_define.h"
   4          #include "Common.h"
   5          #include "Delay.h"
   6          
   7          
   8          #define HIRC    0
   9          #define LIRC    1
  10          #define ECLK    2
  11          
  12          
  13          void setup(void);
  14          void set_clock_source(unsigned char clock_source);
  15          void disable_clock_source(unsigned char clock_source);
  16          void set_clock_division_factor(unsigned char value);
  17          void set_Timer_0(unsigned int value);
  18          unsigned int get_Timer_0(void);
  19          
  20          
  21          void main(void)
  22          {
  23   1        setup();
  24   1      
  25   1        while(1)
  26   1        {    
  27   2          if(get_Timer_0() < 32767)
  28   2          {
  29   3            P15 = 1;
  30   3          }
  31   2          else
  32   2          {
  33   3            P15 = 0;
  34   3          }
  35   2        };
  36   1      }
  37          
  38          
  39          void setup(void)
  40          { 
  41   1        disable_clock_source(ECLK);    // Disable external clock source
  42   1        set_clock_source(HIRC);        // Set HIRC as clock system source
  43   1        set_clock_division_factor(80); // Scale down system clock frequency to 100 kHz
  44   1        
  45   1        P15_PushPull_Mode;             // Declare P15 as an output
  46   1        
  47   1        set_T0M;                       // Timer 0 clock = System clock
  48   1        TIMER0_MODE1_ENABLE;           // Set Timer 0 as a 16 bit timer-counter
  49   1        set_Timer_0(0);                // Set timer counter to 0
  50   1        set_TR0;                       // Start Timer 0;
  51   1      }
  52          
  53          
  54          void set_clock_source(unsigned char clock_source)
C51 COMPILER V9.56.0.0   MAIN                                                              07/25/2018 14:41:22 PAGE 2   

  55          {
  56   1      switch(clock_source)
  57   1      {
  58   2          case LIRC:
  59   2          {
  60   3            set_OSC1;                     
  61   3            clr_OSC0;  
  62   3            
  63   3            break;
  64   3          }
  65   2          
  66   2          case ECLK:
  67   2          {
  68   3            set_EXTEN1;
  69   3            set_EXTEN0;
  70   3            
  71   3            while((CKSWT & SET_BIT3) == 0); 
  72   3            
  73   3            clr_OSC1;                     
  74   3            set_OSC0; 
  75   3            
  76   3            break;
  77   3          }
  78   2          
  79   2          default:
  80   2          {
  81   3            set_HIRCEN;         
  82   3            
  83   3            while((CKSWT & SET_BIT5) == 0);   
  84   3            
  85   3            clr_OSC1;                       
  86   3            clr_OSC0;
  87   3            
  88   3            break;
  89   3          }
  90   2        }
  91   1      
  92   1        while((CKEN & SET_BIT0) == 1);  
  93   1      }
  94          
  95          
  96          void disable_clock_source(unsigned char clock_source)
  97          {
  98   1        switch(clock_source)
  99   1        {
 100   2          case HIRC:
 101   2          {
 102   3            clr_HIRCEN;
 103   3            break;
 104   3          }
 105   2          
 106   2          default:
 107   2          {
 108   3            clr_EXTEN1;
 109   3            clr_EXTEN0;
 110   3            break;
 111   3          }
 112   2        }
 113   1      }
 114          
 115          
 116          void set_clock_division_factor(unsigned char value)
C51 COMPILER V9.56.0.0   MAIN                                                              07/25/2018 14:41:22 PAGE 3   

 117          {
 118   1        CKDIV = value;
 119   1      }
 120          
 121          
 122          void set_Timer_0(unsigned int value)
 123          {
 124   1        TH0 = ((value && 0xFF00) >> 8);
 125   1        TL0 = (value & 0x00FF);
 126   1      }
 127          
 128          
 129          unsigned int get_Timer_0(void)
 130          {
 131   1        unsigned int value = 0x0000;
 132   1        
 133   1        value = TH0;
 134   1        value <<= 8;
 135   1        value |= TL0;
 136   1      
 137   1        return value; 
 138   1      }


MODULE INFORMATION:   STATIC OVERLAYABLE
   CODE SIZE        =    321    ----
   CONSTANT SIZE    =   ----    ----
   XDATA SIZE       =   ----    ----
   PDATA SIZE       =   ----    ----
   DATA SIZE        =   ----    ----
   IDATA SIZE       =   ----    ----
   BIT SIZE         =   ----    ----
END OF MODULE INFORMATION.


C51 COMPILATION COMPLETE.  0 WARNING(S),  0 ERROR(S)
