C51 COMPILER V9.56.0.0   LCD_2_WIRE                                                        07/13/2018 23:05:39 PAGE 1   


C51 COMPILER V9.56.0.0, COMPILATION OF MODULE LCD_2_WIRE
OBJECT MODULE PLACED IN .\Objects\LCD_2_Wire.obj
COMPILER INVOKED BY: C:\Keil_v5\C51\BIN\C51.EXE ..\..\My_Libraries\2 Wire LCD  (Software Delay)\LCD_2_Wire.c OPTIMIZE(8,
                    -SPEED) BROWSE INCDIR(..\..\Include;..\..\My_Libraries\Software Delay;..\..\My_Libraries\2 Wire LCD  (Software Delay)) DE
                    -FINE(FOSC_160000) DEBUG OBJECTEXTEND PRINT(.\Listings\LCD_2_Wire.lst) TABS(2) OBJECT(.\Objects\LCD_2_Wire.obj)

line level    source

   1          #include "N76E003.h"
   2          #include "SFR_Macro.h"
   3          #include "Function_define.h"
   4          #include "Common.h"
   5          #include "soft_delay.h"
   6          #include "LCD_2_Wire.h"
   7          
   8          
   9          static unsigned char bl_state;
  10          static unsigned char data_value;
  11          
  12          
  13          void LCD_init(void)
  14          {                       
  15   1        PCF8574_init();
  16   1        delay_ms(10);
  17   1      
  18   1        bl_state = BL_ON;
  19   1        data_value = 0x04;
  20   1        PCF8574_write(data_value);
  21   1      
  22   1        delay_ms(10);
  23   1      
  24   1        LCD_send(0x33, CMD);
  25   1        LCD_send(0x32, CMD);
  26   1      
  27   1        LCD_send((_4_pin_interface | _2_row_display | _5x7_dots), CMD);         
  28   1        LCD_send((display_on | cursor_off | blink_off), CMD);     
  29   1        LCD_send((clear_display), CMD);         
  30   1        LCD_send((cursor_direction_inc | display_no_shift), CMD);        
  31   1      }   
  32          
  33          
  34          void LCD_toggle_EN(void)
  35          {
  36   1        data_value |= 0x04;
  37   1        PCF8574_write(data_value);
  38   1        delay_ms(1);
  39   1        data_value &= 0xF9;
  40   1        PCF8574_write(data_value);
  41   1        delay_ms(1);
  42   1      }
  43             
  44          
  45          void LCD_send(unsigned char value, unsigned char mode)
  46          {
  47   1        switch(mode)
  48   1        {
  49   2           case CMD:
  50   2           {
  51   3              data_value &= 0xF4;
  52   3              break;
  53   3           }
C51 COMPILER V9.56.0.0   LCD_2_WIRE                                                        07/13/2018 23:05:39 PAGE 2   

  54   2           case DAT:
  55   2           {
  56   3              data_value |= 0x01;
  57   3              break;
  58   3           }
  59   2        }
  60   1      
  61   1        switch(bl_state)
  62   1        {
  63   2           case BL_ON:
  64   2           {
  65   3              data_value |= 0x08;
  66   3              break;
  67   3           }
  68   2           case BL_OFF:
  69   2           {
  70   3              data_value &= 0xF7;
  71   3              break;
  72   3           }
  73   2        }
  74   1      
  75   1        PCF8574_write(data_value);
  76   1        LCD_4bit_send(value);
  77   1        delay_ms(1);
  78   1      }
  79              
  80          
  81          void LCD_4bit_send(unsigned char lcd_data)       
  82          {
  83   1        unsigned char temp = 0x00;
  84   1      
  85   1        temp = (lcd_data & 0xF0);
  86   1        data_value &= 0x0F;
  87   1        data_value |= temp;
  88   1        PCF8574_write(data_value);
  89   1        LCD_toggle_EN();
  90   1      
  91   1        temp = (lcd_data & 0x0F);
  92   1        temp <<= 0x04;
  93   1        data_value &= 0x0F;
  94   1        data_value |= temp;
  95   1        PCF8574_write(data_value);
  96   1        LCD_toggle_EN();
  97   1      }  
  98          
  99          
 100          void LCD_putstr(char *lcd_string)
 101          {
 102   1        do
 103   1        {
 104   2          LCD_putchar(*lcd_string++);
 105   2        }while(*lcd_string != '\0') ;
 106   1      }
 107          
 108          
 109          void LCD_putchar(char char_data)
 110          {
 111   1        if((char_data >= 0x20) && (char_data <= 0x7F))
 112   1        {
 113   2          LCD_send(char_data, DAT);
 114   2        }
 115   1      }
C51 COMPILER V9.56.0.0   LCD_2_WIRE                                                        07/13/2018 23:05:39 PAGE 3   

 116          
 117          
 118          void LCD_clear_home(void)
 119          {
 120   1        LCD_send(clear_display, CMD);
 121   1        LCD_send(goto_home, CMD);
 122   1      }
 123          
 124          
 125          void LCD_goto(unsigned char x_pos,unsigned char y_pos)
 126          {                                                   
 127   1        if(y_pos == 0)    
 128   1        {                              
 129   2          LCD_send((0x80 | x_pos), CMD);
 130   2        }
 131   1        else 
 132   1        {                                              
 133   2          LCD_send((0x80 | 0x40 | x_pos), CMD); 
 134   2        }
 135   1      }


MODULE INFORMATION:   STATIC OVERLAYABLE
   CODE SIZE        =    285    ----
   CONSTANT SIZE    =   ----    ----
   XDATA SIZE       =   ----    ----
   PDATA SIZE       =   ----    ----
   DATA SIZE        =      2       6
   IDATA SIZE       =   ----    ----
   BIT SIZE         =   ----    ----
END OF MODULE INFORMATION.


C51 COMPILATION COMPLETE.  0 WARNING(S),  0 ERROR(S)
