C51 COMPILER V9.56.0.0   PCF8574                                                           07/13/2018 23:05:39 PAGE 1   


C51 COMPILER V9.56.0.0, COMPILATION OF MODULE PCF8574
OBJECT MODULE PLACED IN .\Objects\PCF8574.obj
COMPILER INVOKED BY: C:\Keil_v5\C51\BIN\C51.EXE ..\..\My_Libraries\2 Wire LCD  (Software Delay)\PCF8574.c OPTIMIZE(8,SPE
                    -ED) BROWSE INCDIR(..\..\Include;..\..\My_Libraries\Software Delay;..\..\My_Libraries\2 Wire LCD  (Software Delay)) DEFIN
                    -E(FOSC_160000) DEBUG OBJECTEXTEND PRINT(.\Listings\PCF8574.lst) TABS(2) OBJECT(.\Objects\PCF8574.obj)

line level    source

   1          #include "N76E003.h"
   2          #include "SFR_Macro.h"
   3          #include "Function_define.h"
   4          #include "Common.h"
   5          #include "soft_delay.h"
   6          #include "PCF8574.h"
   7          
   8          
   9          void PCF8574_init(void)
  10          {
  11   1          SW_I2C_init();
  12   1          delay_ms(10);
  13   1      }
  14          
  15          
  16          unsigned char PCF8574_read(void)
  17          {
  18   1          unsigned char port_byte = 0;
  19   1      
  20   1          SW_I2C_start();
  21   1          SW_I2C_write(PCF8574_read_cmd);
  22   1          port_byte = SW_I2C_read(I2C_NACK);
  23   1          SW_I2C_stop();
  24   1      
  25   1          return port_byte;
  26   1      }
  27          
  28          
  29          void PCF8574_write(unsigned char data_byte)
  30          {
  31   1          SW_I2C_start();
  32   1          SW_I2C_write(PCF8574_write_cmd);
  33   1          SW_I2C_ACK_NACK(I2C_ACK);
  34   1          SW_I2C_write(data_byte);
  35   1          SW_I2C_ACK_NACK(I2C_ACK);
  36   1          SW_I2C_stop();
  37   1      }


MODULE INFORMATION:   STATIC OVERLAYABLE
   CODE SIZE        =     62    ----
   CONSTANT SIZE    =   ----    ----
   XDATA SIZE       =   ----    ----
   PDATA SIZE       =   ----    ----
   DATA SIZE        =   ----       2
   IDATA SIZE       =   ----    ----
   BIT SIZE         =   ----    ----
END OF MODULE INFORMATION.


C51 COMPILATION COMPLETE.  0 WARNING(S),  0 ERROR(S)
