C51 COMPILER V9.56.0.0   MAIN                                                              07/22/2018 20:59:01 PAGE 1   


C51 COMPILER V9.56.0.0, COMPILATION OF MODULE MAIN
OBJECT MODULE PLACED IN .\Objects\main.obj
COMPILER INVOKED BY: C:\Keil_v5\C51\BIN\C51.EXE main.c OPTIMIZE(8,SPEED) BROWSE INCDIR(..\..\Include;..\..\My_Libraries\
                    -MAX6675;..\..\My_Libraries\MAX7219;..\..\My_Libraries\Software Delay) DEFINE(FOSC_160000) DEBUG OBJECTEXTEND PRINT(.\Lis
                    -tings\main.lst) TABS(2) OBJECT(.\Objects\main.obj)

line level    source

   1          #include "N76E003.h"
   2          #include "Common.h"
   3          #include "Delay.h"
   4          #include "SFR_Macro.h"
   5          #include "Function_define.h"
   6          #include "soft_delay.h"
   7          #include "MAX72xx.h"
   8          #include "MAX6675.h"
   9          
  10          
  11          void main(void)
  12          {
  13   1        unsigned char state = close_contact;
  14   1        unsigned int ti = 0x0000;
  15   1        unsigned int t = 0;
  16   1        
  17   1        P15_PushPull_Mode;
  18   1        MAX6675_init();
  19   1        MAX72xx_init(); 
  20   1        
  21   1        while(1)
  22   1        {
  23   2          P15 = 1;
  24   2          clr_CPOL;
  25   2          set_CPHA;
  26   2          state = MAX6675_get_ADC(&ti);
  27   2          t = ((unsigned int)MAX6675_get_T(ti, tmp_K)); 
  28   2          delay_ms(100);
  29   2          
  30   2          P15 = 0;
  31   2          clr_CPOL;
  32   2          clr_CPHA;
  33   2          MAX72xx_write(DIG3, ((t / 1000) % 10));
  34   2          MAX72xx_write(DIG2, ((t / 100) % 10));
  35   2          MAX72xx_write(DIG1, ((t / 10) % 10));
  36   2          MAX72xx_write(DIG0, (t % 10));
  37   2          delay_ms(100);
  38   2        };
  39   1      }
  40          


MODULE INFORMATION:   STATIC OVERLAYABLE
   CODE SIZE        =    168    ----
   CONSTANT SIZE    =   ----    ----
   XDATA SIZE       =   ----    ----
   PDATA SIZE       =   ----    ----
   DATA SIZE        =   ----       5
   IDATA SIZE       =   ----    ----
   BIT SIZE         =   ----    ----
END OF MODULE INFORMATION.


C51 COMPILATION COMPLETE.  0 WARNING(S),  0 ERROR(S)
