C51 COMPILER V9.56.0.0   I2C                                                               07/23/2018 21:48:51 PAGE 1   


C51 COMPILER V9.56.0.0, COMPILATION OF MODULE I2C
OBJECT MODULE PLACED IN .\Objects\I2C.obj
COMPILER INVOKED BY: C:\Keil_v5\C51\BIN\C51.EXE ..\..\My_Libraries\I2C\I2C.c OPTIMIZE(8,SPEED) BROWSE INCDIR(..\..\Inclu
                    -de;..\..\My_Libraries\3 Wire LCD (Software Delay);..\..\My_Libraries\I2C;..\..\My_Libraries\DS1307;..\..\My_Libraries\So
                    -ftware Delay) DEFINE(FOSC_160000) DEBUG OBJECTEXTEND PRINT(.\Listings\I2C.lst) TABS(2) OBJECT(.\Objects\I2C.obj)

line level    source

   1          #include "N76E003.h"
   2          #include "SFR_Macro.h"
   3          #include "Function_define.h"
   4          #include "Common.h"
   5          #include "Delay.h"
   6          #include "I2C.h"
   7          
   8          void I2C_init(void)
   9          {
  10   1        I2C_GPIO_Init(regular_I2C_pins);
  11   1        I2CLK = I2C_CLOCK; 
  12   1        set_I2CEN; 
  13   1      }
  14          
  15          
  16          void I2C_start(void)
  17          {
  18   1        signed int t = timeout_count;
  19   1        
  20   1        set_STA;                                
  21   1        clr_SI;
  22   1        while((SI == 0) && (t > 0))
  23   1        {
  24   2          t--;
  25   2        };     
  26   1      }
  27          
  28          void I2C_stop(void)
  29          {
  30   1        signed int t = timeout_count;
  31   1        
  32   1        clr_SI;
  33   1        set_STO;
  34   1        while((STO == 1) && (t > 0))
  35   1        {
  36   2          t--;
  37   2        };     
  38   1      }
  39          
  40          
  41          unsigned char I2C_read(unsigned char ack_mode)
  42          {
  43   1        signed int t = timeout_count;
  44   1        unsigned char value = 0x00;
  45   1      
  46   1        set_AA;                             
  47   1        clr_SI;
  48   1        while((SI == 0) && (t > 0))
  49   1        {
  50   2          t--;
  51   2        };    
  52   1        
  53   1        value = I2DAT;
C51 COMPILER V9.56.0.0   I2C                                                               07/23/2018 21:48:51 PAGE 2   

  54   1      
  55   1        if(ack_mode == I2C_NACK)
  56   1        {
  57   2          t = timeout_count;
  58   2          clr_AA;   
  59   2          clr_SI;
  60   2          while((SI == 0) && (t > 0))
  61   2          {
  62   3            t--;
  63   3          };      
  64   2        }
  65   1        
  66   1        return value;
  67   1      }
  68          
  69          
  70          void I2C_write(unsigned char value)
  71          {
  72   1        signed int t = timeout_count;
  73   1        
  74   1        I2DAT = value; 
  75   1        clr_STA;           
  76   1        clr_SI;
  77   1        while((SI == 0) && (t > 0))
  78   1        {
  79   2          t--;
  80   2        };  
  81   1      }


MODULE INFORMATION:   STATIC OVERLAYABLE
   CODE SIZE        =    180    ----
   CONSTANT SIZE    =   ----    ----
   XDATA SIZE       =   ----    ----
   PDATA SIZE       =   ----    ----
   DATA SIZE        =   ----    ----
   IDATA SIZE       =   ----    ----
   BIT SIZE         =   ----    ----
END OF MODULE INFORMATION.


C51 COMPILATION COMPLETE.  0 WARNING(S),  0 ERROR(S)
