C51 COMPILER V9.56.0.0   MAIN                                                              07/25/2018 13:09:19 PAGE 1   


C51 COMPILER V9.56.0.0, COMPILATION OF MODULE MAIN
OBJECT MODULE PLACED IN .\Objects\main.obj
COMPILER INVOKED BY: C:\Keil_v5\C51\BIN\C51.EXE main.c OPTIMIZE(8,SPEED) BROWSE INCDIR(..\..\Include;..\..\My_Libraries\
                    -TM1640) DEFINE(FOSC_160000) DEBUG OBJECTEXTEND PRINT(.\Listings\main.lst) TABS(2) OBJECT(.\Objects\main.obj)

line level    source

   1          #include "N76E003.h"
   2          #include "SFR_Macro.h"
   3          #include "Function_define.h"
   4          #include "Common.h"
   5          #include "Delay.h"
   6          #include "font.h"
   7          #include "TM1640.h"
   8          
   9          
  10          void display_data(unsigned char segment, signed int value);
  11          
  12          
  13          void main(void)
  14          { 
  15   1        unsigned int i = 0;
  16   1        unsigned int j = 999;
  17   1        
  18   1        TM1640_init(brightness_75_pc);;
  19   1        
  20   1        while(1)
  21   1        {
  22   2          display_data(0, i++);
  23   2          display_data(4, j--);
  24   2          Timer3_Delay100ms(4);
  25   2        };
  26   1      }
  27          
  28          
  29          void display_data(unsigned char segment, signed int value)
  30          {
  31   1        unsigned char ch = 0;
  32   1        
  33   1        if((value > 99) && (value <= 999))
  34   1        {
  35   2          ch = (value / 100);
  36   2          TM1640_send_data((2 + segment), fonts[1 + ch]);
  37   2      
  38   2          ch = ((value / 10) % 10);
  39   2          TM1640_send_data((1 + segment), fonts[1 + ch]);
  40   2      
  41   2          ch = (value % 10);
  42   2          TM1640_send_data(segment, fonts[1 + ch]);
  43   2        }
  44   1        
  45   1        else if((value > 9) && (value <= 99))
  46   1        {
  47   2          TM1640_send_data((2 + segment), 0);
  48   2      
  49   2          ch = (value / 10);
  50   2          TM1640_send_data((1 + segment), fonts[1 + ch]);
  51   2      
  52   2          ch = (value % 10);
  53   2          TM1640_send_data(segment, fonts[1 + ch]);
  54   2        }
C51 COMPILER V9.56.0.0   MAIN                                                              07/25/2018 13:09:19 PAGE 2   

  55   1        
  56   1        else
  57   1        {
  58   2          TM1640_send_data((2 + segment), 0);
  59   2      
  60   2          TM1640_send_data((1 + segment), 0);
  61   2      
  62   2          ch = (value % 10);
  63   2          TM1640_send_data(segment, fonts[1 + ch]);
  64   2        }
  65   1      }


MODULE INFORMATION:   STATIC OVERLAYABLE
   CODE SIZE        =    253    ----
   CONSTANT SIZE    =   ----    ----
   XDATA SIZE       =   ----    ----
   PDATA SIZE       =   ----    ----
   DATA SIZE        =     11       8
   IDATA SIZE       =   ----    ----
   BIT SIZE         =   ----    ----
END OF MODULE INFORMATION.


C51 COMPILATION COMPLETE.  0 WARNING(S),  0 ERROR(S)
