C51 COMPILER V9.56.0.0   TM1640                                                            07/25/2018 13:09:21 PAGE 1   


C51 COMPILER V9.56.0.0, COMPILATION OF MODULE TM1640
OBJECT MODULE PLACED IN .\Objects\TM1640.obj
COMPILER INVOKED BY: C:\Keil_v5\C51\BIN\C51.EXE ..\..\My_Libraries\TM1640\TM1640.c OPTIMIZE(8,SPEED) BROWSE INCDIR(..\..
                    -\My_Libraries\TM1640;..\..\Include;..\..\My_Libraries\TM1640) DEFINE(FOSC_160000) DEBUG OBJECTEXTEND PRINT(.\Listings\TM
                    -1640.lst) TABS(2) OBJECT(.\Objects\TM1640.obj)

line level    source

   1          #include "N76E003.h"
   2          #include "SFR_Macro.h"
   3          #include "Function_define.h"
   4          #include "Common.h"
   5          #include "Delay.h"
   6          #include "TM1640.h"
   7                       
   8                         
   9          void TM1640_init(unsigned char brightness_level)
  10          {                
  11   1        TM1640_GPIO_init();
  12   1        
  13   1        Timer0_Delay1ms(10);  
  14   1        
  15   1        DIN_pin_HIGH();
  16   1        SCLK_pin_HIGH();
  17   1      
  18   1        TM1640_send_command(auto_address);
  19   1        TM1640_send_command(brightness_level);
  20   1        TM1640_clear_display();
  21   1      }   
  22          
  23          
  24          void TM1640_start(void)
  25          {
  26   1        DIN_pin_HIGH();
  27   1        SCLK_pin_HIGH();
  28   1        Timer3_Delay10us(1);
  29   1        DIN_pin_LOW();
  30   1        Timer3_Delay10us(1);
  31   1        SCLK_pin_LOW();
  32   1      }
  33          
  34          
  35          void TM1640_stop(void)
  36          {
  37   1        DIN_pin_LOW();
  38   1        SCLK_pin_LOW();
  39   1        Timer3_Delay10us(1);
  40   1        SCLK_pin_HIGH();
  41   1        Timer3_Delay10us(1);
  42   1        DIN_pin_HIGH();
  43   1      }
  44                                     
  45                                                                                       
  46          void TM1640_write(unsigned char value)  
  47          {                                                       
  48   1        unsigned char s = 0x08;
  49   1        
  50   1        while(s > 0)
  51   1        {
  52   2          SCLK_pin_LOW();
  53   2          
C51 COMPILER V9.56.0.0   TM1640                                                            07/25/2018 13:09:21 PAGE 2   

  54   2          if((value & 0x01) == 0x01)
  55   2          {
  56   3           DIN_pin_HIGH();
  57   3          }
  58   2          else
  59   2          {
  60   3           DIN_pin_LOW();
  61   3          }
  62   2          
  63   2          SCLK_pin_HIGH();
  64   2      
  65   2          value >>= 0x01;
  66   2          s--;
  67   2        };
  68   1      }                                 
  69          
  70          
  71          void TM1640_send_command(unsigned char value)    
  72          {                            
  73   1        TM1640_start();
  74   1        TM1640_write(value);
  75   1        TM1640_stop();
  76   1      }               
  77          
  78          
  79          void TM1640_send_data(unsigned char address, unsigned char value)
  80          {                  
  81   1        TM1640_send_command(fixed_address);
  82   1        
  83   1        TM1640_start();
  84   1        
  85   1        TM1640_write((0xC0 | (0x0F & address)));
  86   1        TM1640_write(value);
  87   1        
  88   1        TM1640_stop();
  89   1      }  
  90          
  91          
  92          void TM1640_clear_display(void)
  93          { 
  94   1        unsigned char s = 0x00;
  95   1        
  96   1        for(s = 0x00; s < no_of_segments; s++)
  97   1        {
  98   2          TM1640_send_data(s, 0);
  99   2        };
 100   1      }


MODULE INFORMATION:   STATIC OVERLAYABLE
   CODE SIZE        =    192    ----
   CONSTANT SIZE    =   ----    ----
   XDATA SIZE       =   ----    ----
   PDATA SIZE       =   ----    ----
   DATA SIZE        =   ----       5
   IDATA SIZE       =   ----    ----
   BIT SIZE         =   ----    ----
END OF MODULE INFORMATION.


C51 COMPILATION COMPLETE.  0 WARNING(S),  0 ERROR(S)
