C51 COMPILER V9.56.0.0   MAIN                                                              07/25/2018 13:00:13 PAGE 1   


C51 COMPILER V9.56.0.0, COMPILATION OF MODULE MAIN
OBJECT MODULE PLACED IN .\Objects\main.obj
COMPILER INVOKED BY: C:\Keil_v5\C51\BIN\C51.EXE main.c OPTIMIZE(8,SPEED) BROWSE INCDIR(..\..\Include;..\..\My_Libraries\
                    -Software Delay;..\..\My_Libraries\2 Wire LCD  (Software Delay)) DEFINE(FOSC_160000) DEBUG OBJECTEXTEND PRINT(.\Listings\
                    -main.lst) TABS(2) OBJECT(.\Objects\main.obj)

line level    source

   1          #include "N76E003.h"
   2          #include "SFR_Macro.h"
   3          #include "Function_define.h"
   4          #include "Common.h"
   5          #include "Delay.h"
   6          #include "soft_delay.h"
   7          #include "LCD_2_Wire.h"
   8          
   9          
  10          signed char encoder_value = 0;
  11          
  12          
  13          void setup(void);
  14          void lcd_print(unsigned char x_pos, unsigned char y_pos, unsigned int value);
  15          
  16          
  17          void PIN_INT(void) 
  18          interrupt 7
  19          {
  20   1        clr_EA;
  21   1        
  22   1        if(PIF == 0x01)
  23   1        {
  24   2          if((P1 & 0x03) == 0x02)
  25   2          {
  26   3            encoder_value++;
  27   3          }
  28   2          
  29   2          if(encoder_value > 99)
  30   2          {
  31   3            encoder_value = 0;
  32   3          }
  33   2        }
  34   1      
  35   1        if(PIF == 0x02)
  36   1        {        
  37   2          if((P1 & 0x03) == 0x01)
  38   2          {
  39   3            encoder_value--;
  40   3          }
  41   2          
  42   2          if(encoder_value < 0)
  43   2          {
  44   3            encoder_value = 99;
  45   3          }
  46   2        }
  47   1        
  48   1        PIF = 0x00;
  49   1        
  50   1        P15 = ~P15;
  51   1      }
  52          
  53          
C51 COMPILER V9.56.0.0   MAIN                                                              07/25/2018 13:00:13 PAGE 2   

  54          void main(void)
  55          {
  56   1        setup();
  57   1        
  58   1        while(1)
  59   1        {
  60   2          set_EA; 
  61   2          lcd_print(14, 0, encoder_value);
  62   2          delay_ms(40);
  63   2        }
  64   1      }
  65          
  66          
  67          void setup(void)
  68          {    
  69   1        P10_Input_Mode;
  70   1        P11_Input_Mode; 
  71   1      
  72   1        P15_PushPull_Mode;
  73   1        
  74   1        Enable_BIT0_LowLevel_Trig;
  75   1        Enable_BIT1_LowLevel_Trig;
  76   1      
  77   1        Enable_INT_Port1;
  78   1      
  79   1        set_EPI;  
  80   1        
  81   1        LCD_init();
  82   1        LCD_clear_home(); 
  83   1        LCD_goto(0, 0); 
  84   1        LCD_putstr("ENC Count:");
  85   1      }
  86          
  87          
  88          void lcd_print(unsigned char x_pos, unsigned char y_pos, unsigned int value)
  89          {  
  90   1        LCD_goto(x_pos, y_pos);
  91   1        LCD_putchar((value / 10) + 0x30);
  92   1        LCD_goto((x_pos + 1), y_pos);
  93   1        LCD_putchar((value % 10) + 0x30);
  94   1      }
  95          
  96          


MODULE INFORMATION:   STATIC OVERLAYABLE
   CODE SIZE        =    224    ----
   CONSTANT SIZE    =     11    ----
   XDATA SIZE       =   ----    ----
   PDATA SIZE       =   ----    ----
   DATA SIZE        =      1       4
   IDATA SIZE       =   ----    ----
   BIT SIZE         =   ----    ----
END OF MODULE INFORMATION.


C51 COMPILATION COMPLETE.  0 WARNING(S),  0 ERROR(S)
