C51 COMPILER V9.56.0.0   MAIN                                                              07/25/2018 15:01:29 PAGE 1   


C51 COMPILER V9.56.0.0, COMPILATION OF MODULE MAIN
OBJECT MODULE PLACED IN .\Objects\main.obj
COMPILER INVOKED BY: C:\Keil_v5\C51\BIN\C51.EXE main.c OPTIMIZE(8,SPEED) BROWSE INCDIR(..\..\Include;..\..\My_Libraries\
                    -3 Wire LCD) DEFINE(FOSC_160000) DEBUG OBJECTEXTEND PRINT(.\Listings\main.lst) TABS(2) OBJECT(.\Objects\main.obj)

line level    source

   1          #include "N76E003.h"
   2          #include "SFR_Macro.h"
   3          #include "Function_define.h"
   4          #include "Common.h"
   5          #include "Delay.h"
   6          #include "LCD_3_Wire.h"
   7          
   8          
   9          #define HIRC    0
  10          #define LIRC    1
  11          #define ECLK    2
  12          
  13          
  14          unsigned int pulse_width = 0;
  15          
  16          
  17          void setup(void);
  18          void set_clock_source(unsigned char clock_source);
  19          void disable_clock_source(unsigned char clock_source);
  20          void set_system_clock_frequency(unsigned long F_osc, unsigned long F_sys);
  21          void setup_GPIOs(void);
  22          void setup_Timer_2(void);
  23          void setup_capture(void);
  24          void set_Timer_2(unsigned int value);
  25          void set_Timer_2_reload_compare(unsigned int value);
  26          void lcd_print(unsigned char x_pos, unsigned char y_pos, unsigned int value);
  27          
  28          
  29          void Input_Capture_ISR(void)     
  30          interrupt 12
  31          {
  32   1        if(CAPCON0 & 0x01)
  33   1        {
  34   2          clr_CAPF0;    
  35   2        }
  36   1        
  37   1        if(CAPCON0 & 0x02)
  38   1        {
  39   2          clr_CAPF1;                    
  40   2          
  41   2          pulse_width = C1H; 
  42   2          pulse_width <<= 8;
  43   2          pulse_width |= C1L;
  44   2        }
  45   1      
  46   1      }
  47          
  48          
  49          void main(void)
  50          {
  51   1        unsigned int range = 0;
  52   1        
  53   1        LCD_init();
  54   1        LCD_clear_home(); 
C51 COMPILER V9.56.0.0   MAIN                                                              07/25/2018 15:01:29 PAGE 2   

  55   1        LCD_goto(0, 0); 
  56   1        LCD_putstr("Pamge/cm:");
  57   1        LCD_goto(0, 1); 
  58   1        LCD_putstr("Pulse/us:");
  59   1        
  60   1        setup();
  61   1      
  62   1        while(1)
  63   1        { 
  64   2          set_P11;
  65   2          Timer3_Delay10us(1);
  66   2          clr_P11;
  67   2          
  68   2          range = ((unsigned int)(((float)pulse_width) / 58.0));
  69   2          
  70   2          lcd_print(11, 0, range);
  71   2          lcd_print(11, 1, pulse_width);
  72   2          Timer0_Delay1ms(900);
  73   2        };
  74   1      }
  75          
  76          
  77          void setup(void)
  78          {
  79   1        disable_clock_source(ECLK);    
  80   1        set_clock_source(HIRC);       
  81   1        set_system_clock_frequency(16, 16);
  82   1        setup_GPIOs();
  83   1        setup_capture();
  84   1        setup_Timer_2();
  85   1        set_EA;                        
  86   1      }
  87          
  88          
  89          void set_clock_source(unsigned char clock_source)
  90          {
  91   1        switch(clock_source)
  92   1        {
  93   2          case LIRC:
  94   2          {
  95   3            set_OSC1;                     
  96   3            clr_OSC0;  
  97   3            
  98   3            break;
  99   3          }
 100   2          
 101   2          case ECLK:
 102   2          {
 103   3            set_EXTEN1;
 104   3            set_EXTEN0;
 105   3            
 106   3            while((CKSWT & SET_BIT3) == 0); 
 107   3            
 108   3            clr_OSC1;                     
 109   3            set_OSC0; 
 110   3            
 111   3            break;
 112   3          }
 113   2          
 114   2          default:
 115   2          {
 116   3            set_HIRCEN;         
C51 COMPILER V9.56.0.0   MAIN                                                              07/25/2018 15:01:29 PAGE 3   

 117   3            
 118   3            while((CKSWT & SET_BIT5) == 0);   
 119   3            
 120   3            clr_OSC1;                       
 121   3            clr_OSC0;
 122   3            
 123   3            break;
 124   3          }
 125   2        }
 126   1      
 127   1        while((CKEN & SET_BIT0) == 1);  
 128   1      }
 129          
 130          
 131          void disable_clock_source(unsigned char clock_source)
 132          {
 133   1        switch(clock_source)
 134   1        {
 135   2          case HIRC:
 136   2          {
 137   3             clr_HIRCEN;
 138   3             break;
 139   3          }
 140   2          
 141   2          default:
 142   2          {
 143   3             clr_EXTEN1;
 144   3             clr_EXTEN0;
 145   3             break;
 146   3          }
 147   2        }
 148   1      }
 149          
 150          
 151          void set_system_clock_frequency(unsigned long F_osc, unsigned long F_sys)
 152          {
 153   1        F_osc = (F_osc / (0x02 * F_sys));
 154   1      
 155   1        if((F_osc >= 0x00) && (F_osc <= 0xFF))
 156   1        {
 157   2          CKDIV = ((unsigned char)F_osc); 
 158   2        }
 159   1      }
 160          
 161          
 162          void setup_GPIOs(void)
 163          {
 164   1        P11_PushPull_Mode;
 165   1        P12_Input_Mode;
 166   1      }
 167          
 168          
 169          void setup_Timer_2(void)
 170          {
 171   1        set_Timer_2_reload_compare(0);
 172   1        set_Timer_2(0);  
 173   1        set_LDEN;
 174   1        T2MOD |= 0x01;  
 175   1        T2MOD |= 0x20;
 176   1        set_TR2;                  
 177   1      }
 178          
C51 COMPILER V9.56.0.0   MAIN                                                              07/25/2018 15:01:29 PAGE 4   

 179          
 180          void setup_capture(void)
 181          {
 182   1        CAPCON0 = 0x30;
 183   1        CAPCON1 = 0x01;
 184   1        CAPCON2 = 0x30;
 185   1        CAPCON3 = 0x00;
 186   1        CAPCON4 = 0x00;
 187   1        set_ECAP;             
 188   1      }
 189          
 190          
 191          void set_Timer_2(unsigned int value)
 192          {
 193   1        TL2 = (value & 0x00FF);
 194   1        TH2 = ((value & 0xFF00) >> 0x08);
 195   1      }
 196          
 197          
 198          void set_Timer_2_reload_compare(unsigned int value)
 199          {
 200   1        RCMP2L = (value & 0x00FF);
 201   1        RCMP2H = ((value & 0xFF00) >> 0x08);
 202   1      }
 203          
 204          
 205          void lcd_print(unsigned char x_pos, unsigned char y_pos, unsigned int value)
 206          {  
 207   1        LCD_goto(x_pos, y_pos);
 208   1        LCD_putchar((value / 10000) + 0x30);
 209   1        LCD_goto((x_pos + 1), y_pos);
 210   1        LCD_putchar(((value % 10000) / 1000) + 0x30);  
 211   1        LCD_goto((x_pos + 2), y_pos);
 212   1        LCD_putchar(((value % 1000) / 100) + 0x30);
 213   1        LCD_goto((x_pos + 3), y_pos);
 214   1        LCD_putchar(((value % 100) / 10) + 0x30);
 215   1        LCD_goto((x_pos + 4), y_pos);
 216   1        LCD_putchar((value % 10) + 0x30);
 217   1      }


MODULE INFORMATION:   STATIC OVERLAYABLE
   CODE SIZE        =    787    ----
   CONSTANT SIZE    =     20    ----
   XDATA SIZE       =   ----    ----
   PDATA SIZE       =   ----    ----
   DATA SIZE        =      2      14
   IDATA SIZE       =   ----    ----
   BIT SIZE         =   ----    ----
END OF MODULE INFORMATION.


C51 COMPILATION COMPLETE.  0 WARNING(S),  0 ERROR(S)
