C51 COMPILER V9.56.0.0   DELAY                                                             07/25/2018 15:18:18 PAGE 1   


C51 COMPILER V9.56.0.0, COMPILATION OF MODULE DELAY
OBJECT MODULE PLACED IN .\Objects\Delay.obj
COMPILER INVOKED BY: C:\Keil_v5\C51\BIN\C51.EXE ..\..\Common\Delay.c OPTIMIZE(8,SPEED) BROWSE INCDIR(..\..\Include;..\..
                    -\My_Libraries\Software Delay) DEFINE(FOSC_160000) DEBUG OBJECTEXTEND CODE PRINT(.\Listings\Delay.lst) TABS(2) PREPRINT(.
                    -\Listings\Delay.i) OBJECT(.\Objects\Delay.obj)

line level    source

   1          /*--------------------------------------------------------------------------------------------------------
             --*/
   2          /*                                                                                                        
             - */
   3          /* Copyright(c) 2016 Nuvoton Technology Corp. All rights reserved.                                        
             - */
   4          /*                                                                                                        
             - */
   5          /*--------------------------------------------------------------------------------------------------------
             --*/
   6          
   7          //********************************************************************************************************
             -***
   8          //  Nuvoton Technoledge Corp. 
   9          //  Website: http://www.nuvoton.com
  10          //  E-Mail : MicroC-8bit@nuvoton.com
  11          //  Date   : Apr/21/2016
  12          //********************************************************************************************************
             -***
  13          
  14          #include "N76E003.h"
  15          #include "Common.h"
  16          #include "Delay.h"
  17          #include "SFR_Macro.h"
  18          #include "Function_define.h"
  19          bit BIT_TMP;
  20          
  21          //-------------------------------------------------------------------------
  22          void Timer0_Delay100us(UINT32 u32CNT)
  23          {
  24   1          clr_T0M;                                    //T0M=0, Timer0 Clock = Fsys/12
  25   1          TMOD |= 0x01;                               //Timer0 is 16-bit mode
  26   1          set_TR0;                                    //Start Timer0
  27   1          while (u32CNT != 0)
  28   1          {
  29   2              TL0 = LOBYTE(TIMER_DIV12_VALUE_100us);  //Find  define in "Function_define.h" "TIMER VALUE"
  30   2              TH0 = HIBYTE(TIMER_DIV12_VALUE_100us);
  31   2              while (TF0 != 1);                       //Check Timer0 Time-Out Flag
  32   2              clr_TF0;
  33   2              u32CNT --;
  34   2          }
  35   1          clr_TR0;                                    //Stop Timer0
  36   1      }
  37          //------------------------------------------------------------------------------
  38          void Timer0_Delay1ms(UINT32 u32CNT)
  39          {
  40   1          clr_T0M;                                    //T0M=0, Timer0 Clock = Fsys/12
  41   1          TMOD |= 0x01;                               //Timer0 is 16-bit mode
  42   1          set_TR0;                                    //Start Timer0
  43   1          while (u32CNT != 0)
  44   1          {
  45   2              TL0 = LOBYTE(TIMER_DIV12_VALUE_1ms);    //Find  define in "Function_define.h" "TIMER VALUE"
  46   2              TH0 = HIBYTE(TIMER_DIV12_VALUE_1ms);
C51 COMPILER V9.56.0.0   DELAY                                                             07/25/2018 15:18:18 PAGE 2   

  47   2              while (TF0 != 1);                       //Check Timer0 Time-Out Flag
  48   2              clr_TF0;
  49   2              u32CNT --;
  50   2          }
  51   1          clr_TR0;                                    //Stop Timer0
  52   1      }
  53          
  54          //------------------------------------------------------------------------------
  55          void Timer1_Delay10ms(UINT32 u32CNT)
  56          {
  57   1          clr_T1M;                                    //T1M=0, Timer1 Clock = Fsys/12
  58   1          TMOD |= 0x10;                               //Timer1 is 16-bit mode
  59   1          set_TR1;                                    //Start Timer1
  60   1          while (u32CNT != 0)
  61   1          {
  62   2              TL1 = LOBYTE(TIMER_DIV12_VALUE_10ms);   //Find  define in "Function_define.h" "TIMER VALUE"
  63   2              TH1 = HIBYTE(TIMER_DIV12_VALUE_10ms);
  64   2              while (TF1 != 1);                       //Check Timer1 Time-Out Flag
  65   2              clr_TF1;
  66   2              u32CNT --;
  67   2          }
  68   1          clr_TR1;                                    //Stop Timer1
  69   1      }
  70          //------------------------------------------------------------------------------
  71          void Timer2_Delay500us(UINT32 u32CNT)
  72          {
  73   1          clr_T2DIV2;                                 //Timer2 Clock = Fsys/4 
  74   1          clr_T2DIV1;
  75   1          set_T2DIV0;
  76   1          set_TR2;                                    //Start Timer2
  77   1          while (u32CNT != 0)
  78   1          {
  79   2              TL2 = LOBYTE(TIMER_DIV4_VALUE_500us);   //Find  define in "Function_define.h" "TIMER VALUE"
  80   2              TH2 = HIBYTE(TIMER_DIV4_VALUE_500us);
  81   2              while (TF2 != 1);                       //Check Timer2 Time-Out Flag
  82   2              clr_TF2;
  83   2              u32CNT --;
  84   2          }
  85   1          clr_TR2;                                    //Stop Timer2
  86   1      }
  87          //------------------------------------------------------------------------------
  88          void Timer3_Delay100ms(UINT32 u32CNT)
  89          {
  90   1          T3CON = 0x07;                               //Timer3 Clock = Fsys/128
  91   1          set_TR3;                                    //Trigger Timer3
  92   1          while (u32CNT != 0)
  93   1          {
  94   2              RL3 = LOBYTE(TIMER_DIV128_VALUE_100ms); //Find  define in "Function_define.h" "TIMER VALUE"
  95   2              RH3 = HIBYTE(TIMER_DIV128_VALUE_100ms);
  96   2              while ((T3CON&SET_BIT4) != SET_BIT4);   //Check Timer3 Time-Out Flag
  97   2              clr_TF3;
  98   2              u32CNT --;
  99   2          }
 100   1          clr_TR3;                                    //Stop Timer3
 101   1      }
 102          //------------------------------------------------------------------------------
 103          void Timer3_Delay10us(UINT32 u32CNT)
 104          {
 105   1          T3CON = 0x07;                               //Timer3 Clock = Fsys/128
 106   1          set_TR3;                                    //Trigger Timer3
 107   1          while (u32CNT != 0)
 108   1          {
C51 COMPILER V9.56.0.0   DELAY                                                             07/25/2018 15:18:18 PAGE 3   

 109   2              RL3 = LOBYTE(TIMER_DIV4_VALUE_10us); //Find  define in "Function_define.h" "TIMER VALUE"
 110   2              RH3 = HIBYTE(TIMER_DIV4_VALUE_10us);
 111   2              while ((T3CON&SET_BIT4) != SET_BIT4);   //Check Timer3 Time-Out Flag
 112   2              clr_TF3;
 113   2              u32CNT --;
 114   2          }
 115   1          clr_TR3;                                    //Stop Timer3
 116   1      }
C51 COMPILER V9.56.0.0   DELAY                                                             07/25/2018 15:18:18 PAGE 4   

ASSEMBLY LISTING OF GENERATED OBJECT CODE


             ; FUNCTION _Timer0_Delay100us (BEGIN)
                                           ; SOURCE LINE # 22
0000 8F00        R     MOV     u32CNT+03H,R7
0002 8E00        R     MOV     u32CNT+02H,R6
0004 8D00        R     MOV     u32CNT+01H,R5
0006 8C00        R     MOV     u32CNT,R4
                                           ; SOURCE LINE # 23
                                           ; SOURCE LINE # 24
0008 538EF7            ANL     CKCON,#0F7H
                                           ; SOURCE LINE # 25
000B 438901            ORL     TMOD,#01H
                                           ; SOURCE LINE # 26
000E D28C              SETB    TR0
0010         ?C0001:
                                           ; SOURCE LINE # 27
0010 E4                CLR     A
0011 FF                MOV     R7,A
0012 FE                MOV     R6,A
0013 FD                MOV     R5,A
0014 FC                MOV     R4,A
0015 AB00        R     MOV     R3,u32CNT+03H
0017 AA00        R     MOV     R2,u32CNT+02H
0019 A900        R     MOV     R1,u32CNT+01H
001B A800        R     MOV     R0,u32CNT
001D C3                CLR     C
001E 120000      E     LCALL   ?C?ULCMP
0021 6025              JZ      ?C0002
                                           ; SOURCE LINE # 28
                                           ; SOURCE LINE # 29
0023 758A7E            MOV     TL0,#07EH
                                           ; SOURCE LINE # 30
0026 758CFF            MOV     TH0,#0FFH
0029         ?C0003:
                                           ; SOURCE LINE # 31
0029 308DFD            JNB     TF0,?C0003
002C         ?C0004:
                                           ; SOURCE LINE # 32
002C C28D              CLR     TF0
                                           ; SOURCE LINE # 33
002E E500        R     MOV     A,u32CNT+03H
0030 24FF              ADD     A,#0FFH
0032 F500        R     MOV     u32CNT+03H,A
0034 E500        R     MOV     A,u32CNT+02H
0036 34FF              ADDC    A,#0FFH
0038 F500        R     MOV     u32CNT+02H,A
003A E500        R     MOV     A,u32CNT+01H
003C 34FF              ADDC    A,#0FFH
003E F500        R     MOV     u32CNT+01H,A
0040 E500        R     MOV     A,u32CNT
0042 34FF              ADDC    A,#0FFH
0044 F500        R     MOV     u32CNT,A
                                           ; SOURCE LINE # 34
0046 80C8              SJMP    ?C0001
0048         ?C0002:
                                           ; SOURCE LINE # 35
0048 C28C              CLR     TR0
                                           ; SOURCE LINE # 36
004A 22                RET     
             ; FUNCTION _Timer0_Delay100us (END)
C51 COMPILER V9.56.0.0   DELAY                                                             07/25/2018 15:18:18 PAGE 5   


             ; FUNCTION _Timer0_Delay1ms (BEGIN)
                                           ; SOURCE LINE # 38
0000 8F00        R     MOV     u32CNT+03H,R7
0002 8E00        R     MOV     u32CNT+02H,R6
0004 8D00        R     MOV     u32CNT+01H,R5
0006 8C00        R     MOV     u32CNT,R4
                                           ; SOURCE LINE # 39
                                           ; SOURCE LINE # 40
0008 538EF7            ANL     CKCON,#0F7H
                                           ; SOURCE LINE # 41
000B 438901            ORL     TMOD,#01H
                                           ; SOURCE LINE # 42
000E D28C              SETB    TR0
0010         ?C0006:
                                           ; SOURCE LINE # 43
0010 E4                CLR     A
0011 FF                MOV     R7,A
0012 FE                MOV     R6,A
0013 FD                MOV     R5,A
0014 FC                MOV     R4,A
0015 AB00        R     MOV     R3,u32CNT+03H
0017 AA00        R     MOV     R2,u32CNT+02H
0019 A900        R     MOV     R1,u32CNT+01H
001B A800        R     MOV     R0,u32CNT
001D C3                CLR     C
001E 120000      E     LCALL   ?C?ULCMP
0021 6025              JZ      ?C0007
                                           ; SOURCE LINE # 44
                                           ; SOURCE LINE # 45
0023 758ACA            MOV     TL0,#0CAH
                                           ; SOURCE LINE # 46
0026 758CFA            MOV     TH0,#0FAH
0029         ?C0008:
                                           ; SOURCE LINE # 47
0029 308DFD            JNB     TF0,?C0008
002C         ?C0009:
                                           ; SOURCE LINE # 48
002C C28D              CLR     TF0
                                           ; SOURCE LINE # 49
002E E500        R     MOV     A,u32CNT+03H
0030 24FF              ADD     A,#0FFH
0032 F500        R     MOV     u32CNT+03H,A
0034 E500        R     MOV     A,u32CNT+02H
0036 34FF              ADDC    A,#0FFH
0038 F500        R     MOV     u32CNT+02H,A
003A E500        R     MOV     A,u32CNT+01H
003C 34FF              ADDC    A,#0FFH
003E F500        R     MOV     u32CNT+01H,A
0040 E500        R     MOV     A,u32CNT
0042 34FF              ADDC    A,#0FFH
0044 F500        R     MOV     u32CNT,A
                                           ; SOURCE LINE # 50
0046 80C8              SJMP    ?C0006
0048         ?C0007:
                                           ; SOURCE LINE # 51
0048 C28C              CLR     TR0
                                           ; SOURCE LINE # 52
004A 22                RET     
             ; FUNCTION _Timer0_Delay1ms (END)

             ; FUNCTION _Timer1_Delay10ms (BEGIN)
C51 COMPILER V9.56.0.0   DELAY                                                             07/25/2018 15:18:18 PAGE 6   

                                           ; SOURCE LINE # 55
0000 8F00        R     MOV     u32CNT+03H,R7
0002 8E00        R     MOV     u32CNT+02H,R6
0004 8D00        R     MOV     u32CNT+01H,R5
0006 8C00        R     MOV     u32CNT,R4
                                           ; SOURCE LINE # 56
                                           ; SOURCE LINE # 57
0008 538EEF            ANL     CKCON,#0EFH
                                           ; SOURCE LINE # 58
000B 438910            ORL     TMOD,#010H
                                           ; SOURCE LINE # 59
000E D28E              SETB    TR1
0010         ?C0011:
                                           ; SOURCE LINE # 60
0010 E4                CLR     A
0011 FF                MOV     R7,A
0012 FE                MOV     R6,A
0013 FD                MOV     R5,A
0014 FC                MOV     R4,A
0015 AB00        R     MOV     R3,u32CNT+03H
0017 AA00        R     MOV     R2,u32CNT+02H
0019 A900        R     MOV     R1,u32CNT+01H
001B A800        R     MOV     R0,u32CNT
001D C3                CLR     C
001E 120000      E     LCALL   ?C?ULCMP
0021 6025              JZ      ?C0012
                                           ; SOURCE LINE # 61
                                           ; SOURCE LINE # 62
0023 758BEA            MOV     TL1,#0EAH
                                           ; SOURCE LINE # 63
0026 758DCB            MOV     TH1,#0CBH
0029         ?C0013:
                                           ; SOURCE LINE # 64
0029 308FFD            JNB     TF1,?C0013
002C         ?C0014:
                                           ; SOURCE LINE # 65
002C C28F              CLR     TF1
                                           ; SOURCE LINE # 66
002E E500        R     MOV     A,u32CNT+03H
0030 24FF              ADD     A,#0FFH
0032 F500        R     MOV     u32CNT+03H,A
0034 E500        R     MOV     A,u32CNT+02H
0036 34FF              ADDC    A,#0FFH
0038 F500        R     MOV     u32CNT+02H,A
003A E500        R     MOV     A,u32CNT+01H
003C 34FF              ADDC    A,#0FFH
003E F500        R     MOV     u32CNT+01H,A
0040 E500        R     MOV     A,u32CNT
0042 34FF              ADDC    A,#0FFH
0044 F500        R     MOV     u32CNT,A
                                           ; SOURCE LINE # 67
0046 80C8              SJMP    ?C0011
0048         ?C0012:
                                           ; SOURCE LINE # 68
0048 C28E              CLR     TR1
                                           ; SOURCE LINE # 69
004A 22                RET     
             ; FUNCTION _Timer1_Delay10ms (END)

             ; FUNCTION _Timer2_Delay500us (BEGIN)
                                           ; SOURCE LINE # 71
0000 8F00        R     MOV     u32CNT+03H,R7
C51 COMPILER V9.56.0.0   DELAY                                                             07/25/2018 15:18:18 PAGE 7   

0002 8E00        R     MOV     u32CNT+02H,R6
0004 8D00        R     MOV     u32CNT+01H,R5
0006 8C00        R     MOV     u32CNT,R4
                                           ; SOURCE LINE # 72
                                           ; SOURCE LINE # 73
0008 53C9BF            ANL     T2MOD,#0BFH
                                           ; SOURCE LINE # 74
000B 53C9DF            ANL     T2MOD,#0DFH
                                           ; SOURCE LINE # 75
000E 43C910            ORL     T2MOD,#010H
                                           ; SOURCE LINE # 76
0011 D2CA              SETB    TR2
0013         ?C0016:
                                           ; SOURCE LINE # 77
0013 E4                CLR     A
0014 FF                MOV     R7,A
0015 FE                MOV     R6,A
0016 FD                MOV     R5,A
0017 FC                MOV     R4,A
0018 AB00        R     MOV     R3,u32CNT+03H
001A AA00        R     MOV     R2,u32CNT+02H
001C A900        R     MOV     R1,u32CNT+01H
001E A800        R     MOV     R0,u32CNT
0020 C3                CLR     C
0021 120000      E     LCALL   ?C?ULCMP
0024 6025              JZ      ?C0017
                                           ; SOURCE LINE # 78
                                           ; SOURCE LINE # 79
0026 75CC30            MOV     TL2,#030H
                                           ; SOURCE LINE # 80
0029 75CDF8            MOV     TH2,#0F8H
002C         ?C0018:
                                           ; SOURCE LINE # 81
002C 30CFFD            JNB     TF2,?C0018
002F         ?C0019:
                                           ; SOURCE LINE # 82
002F C2CF              CLR     TF2
                                           ; SOURCE LINE # 83
0031 E500        R     MOV     A,u32CNT+03H
0033 24FF              ADD     A,#0FFH
0035 F500        R     MOV     u32CNT+03H,A
0037 E500        R     MOV     A,u32CNT+02H
0039 34FF              ADDC    A,#0FFH
003B F500        R     MOV     u32CNT+02H,A
003D E500        R     MOV     A,u32CNT+01H
003F 34FF              ADDC    A,#0FFH
0041 F500        R     MOV     u32CNT+01H,A
0043 E500        R     MOV     A,u32CNT
0045 34FF              ADDC    A,#0FFH
0047 F500        R     MOV     u32CNT,A
                                           ; SOURCE LINE # 84
0049 80C8              SJMP    ?C0016
004B         ?C0017:
                                           ; SOURCE LINE # 85
004B C2CA              CLR     TR2
                                           ; SOURCE LINE # 86
004D 22                RET     
             ; FUNCTION _Timer2_Delay500us (END)

             ; FUNCTION _Timer3_Delay100ms (BEGIN)
                                           ; SOURCE LINE # 88
0000 8F00        R     MOV     u32CNT+03H,R7
C51 COMPILER V9.56.0.0   DELAY                                                             07/25/2018 15:18:18 PAGE 8   

0002 8E00        R     MOV     u32CNT+02H,R6
0004 8D00        R     MOV     u32CNT+01H,R5
0006 8C00        R     MOV     u32CNT,R4
                                           ; SOURCE LINE # 89
                                           ; SOURCE LINE # 90
0008 75C407            MOV     T3CON,#07H
                                           ; SOURCE LINE # 91
000B 43C408            ORL     T3CON,#08H
000E         ?C0021:
                                           ; SOURCE LINE # 92
000E E4                CLR     A
000F FF                MOV     R7,A
0010 FE                MOV     R6,A
0011 FD                MOV     R5,A
0012 FC                MOV     R4,A
0013 AB00        R     MOV     R3,u32CNT+03H
0015 AA00        R     MOV     R2,u32CNT+02H
0017 A900        R     MOV     R1,u32CNT+01H
0019 A800        R     MOV     R0,u32CNT
001B C3                CLR     C
001C 120000      E     LCALL   ?C?ULCMP
001F 6028              JZ      ?C0022
                                           ; SOURCE LINE # 93
                                           ; SOURCE LINE # 94
0021 75C52C            MOV     RL3,#02CH
                                           ; SOURCE LINE # 95
0024 75C6CF            MOV     RH3,#0CFH
0027         ?C0023:
                                           ; SOURCE LINE # 96
0027 E5C4              MOV     A,T3CON
0029 30E4FB            JNB     ACC.4,?C0023
002C         ?C0024:
                                           ; SOURCE LINE # 97
002C 53C4EF            ANL     T3CON,#0EFH
                                           ; SOURCE LINE # 98
002F E500        R     MOV     A,u32CNT+03H
0031 24FF              ADD     A,#0FFH
0033 F500        R     MOV     u32CNT+03H,A
0035 E500        R     MOV     A,u32CNT+02H
0037 34FF              ADDC    A,#0FFH
0039 F500        R     MOV     u32CNT+02H,A
003B E500        R     MOV     A,u32CNT+01H
003D 34FF              ADDC    A,#0FFH
003F F500        R     MOV     u32CNT+01H,A
0041 E500        R     MOV     A,u32CNT
0043 34FF              ADDC    A,#0FFH
0045 F500        R     MOV     u32CNT,A
                                           ; SOURCE LINE # 99
0047 80C5              SJMP    ?C0021
0049         ?C0022:
                                           ; SOURCE LINE # 100
0049 53C4F7            ANL     T3CON,#0F7H
                                           ; SOURCE LINE # 101
004C 22                RET     
             ; FUNCTION _Timer3_Delay100ms (END)

             ; FUNCTION _Timer3_Delay10us (BEGIN)
                                           ; SOURCE LINE # 103
0000 8F00        R     MOV     u32CNT+03H,R7
0002 8E00        R     MOV     u32CNT+02H,R6
0004 8D00        R     MOV     u32CNT+01H,R5
0006 8C00        R     MOV     u32CNT,R4
C51 COMPILER V9.56.0.0   DELAY                                                             07/25/2018 15:18:18 PAGE 9   

                                           ; SOURCE LINE # 104
                                           ; SOURCE LINE # 105
0008 75C407            MOV     T3CON,#07H
                                           ; SOURCE LINE # 106
000B 43C408            ORL     T3CON,#08H
000E         ?C0026:
                                           ; SOURCE LINE # 107
000E E4                CLR     A
000F FF                MOV     R7,A
0010 FE                MOV     R6,A
0011 FD                MOV     R5,A
0012 FC                MOV     R4,A
0013 AB00        R     MOV     R3,u32CNT+03H
0015 AA00        R     MOV     R2,u32CNT+02H
0017 A900        R     MOV     R1,u32CNT+01H
0019 A800        R     MOV     R0,u32CNT
001B C3                CLR     C
001C 120000      E     LCALL   ?C?ULCMP
001F 6028              JZ      ?C0027
                                           ; SOURCE LINE # 108
                                           ; SOURCE LINE # 109
0021 75C5D8            MOV     RL3,#0D8H
                                           ; SOURCE LINE # 110
0024 75C6FF            MOV     RH3,#0FFH
0027         ?C0028:
                                           ; SOURCE LINE # 111
0027 E5C4              MOV     A,T3CON
0029 30E4FB            JNB     ACC.4,?C0028
002C         ?C0029:
                                           ; SOURCE LINE # 112
002C 53C4EF            ANL     T3CON,#0EFH
                                           ; SOURCE LINE # 113
002F E500        R     MOV     A,u32CNT+03H
0031 24FF              ADD     A,#0FFH
0033 F500        R     MOV     u32CNT+03H,A
0035 E500        R     MOV     A,u32CNT+02H
0037 34FF              ADDC    A,#0FFH
0039 F500        R     MOV     u32CNT+02H,A
003B E500        R     MOV     A,u32CNT+01H
003D 34FF              ADDC    A,#0FFH
003F F500        R     MOV     u32CNT+01H,A
0041 E500        R     MOV     A,u32CNT
0043 34FF              ADDC    A,#0FFH
0045 F500        R     MOV     u32CNT,A
                                           ; SOURCE LINE # 114
0047 80C5              SJMP    ?C0026
0049         ?C0027:
                                           ; SOURCE LINE # 115
0049 53C4F7            ANL     T3CON,#0F7H
                                           ; SOURCE LINE # 116
004C 22                RET     
             ; FUNCTION _Timer3_Delay10us (END)



MODULE INFORMATION:   STATIC OVERLAYABLE
   CODE SIZE        =    457    ----
   CONSTANT SIZE    =   ----    ----
   XDATA SIZE       =   ----    ----
   PDATA SIZE       =   ----    ----
   DATA SIZE        =   ----      24
   IDATA SIZE       =   ----    ----
C51 COMPILER V9.56.0.0   DELAY                                                             07/25/2018 15:18:18 PAGE 10  

   BIT SIZE         =      1    ----
END OF MODULE INFORMATION.


C51 COMPILATION COMPLETE.  0 WARNING(S),  0 ERROR(S)
