C51 COMPILER V9.56.0.0   MAIN                                                              07/25/2018 14:08:22 PAGE 1   


C51 COMPILER V9.56.0.0, COMPILATION OF MODULE MAIN
OBJECT MODULE PLACED IN .\Objects\main.obj
COMPILER INVOKED BY: C:\Keil_v5\C51\BIN\C51.EXE main.c OPTIMIZE(8,SPEED) BROWSE INCDIR(..\..\Include;..\..\My_Libraries\
                    -2 Wire LCD  (Software Delay);..\..\My_Libraries\Software Delay) DEFINE(FOSC_160000) DEBUG OBJECTEXTEND PRINT(.\Listings\
                    -main.lst) TABS(2) OBJECT(.\Objects\main.obj)

line level    source

   1          #include "N76E003.h"
   2          #include "SFR_Macro.h"
   3          #include "Function_define.h"
   4          #include "Common.h"
   5          #include "Delay.h"
   6          #include "soft_delay.h"
   7          #include "LCD_2_Wire.h"
   8          
   9          
  10          //LDR Definitions//
  11          
  12          #define LDR_constant    100000.0
  13          #define R_fixed          10000.0             
  14          #define VDD                 4095
  15          
  16          
  17          unsigned int adc_value = 0x0000;
  18          
  19          
  20          void setup(void);
  21          unsigned int ADC_read(void);
  22          void lcd_print_i(unsigned char x_pos, unsigned char y_pos, unsigned int value);
  23          unsigned int measure_light_intensity(void);
  24          
  25          
  26          void ADC_ISR(void) 
  27          interrupt 11
  28          {
  29   1        adc_value = ADC_read();
  30   1        clr_ADCF;
  31   1      }
  32          
  33          
  34          void main(void)
  35          {
  36   1        unsigned int lux = 0;
  37   1        
  38   1        setup();
  39   1        
  40   1        while(1)
  41   1        {
  42   2          set_ADCS;
  43   2          lux = measure_light_intensity();
  44   2          lcd_print_i(12, 0, adc_value);
  45   2          lcd_print_i(12, 1, lux);
  46   2          delay_ms(400);
  47   2        }
  48   1      }
  49          
  50          
  51          void setup(void)
  52          { 
  53   1        LCD_init();
C51 COMPILER V9.56.0.0   MAIN                                                              07/25/2018 14:08:22 PAGE 2   

  54   1        LCD_clear_home(); 
  55   1        LCD_goto(0, 0); 
  56   1        LCD_putstr("ADC Count:");
  57   1        LCD_goto(0, 1); 
  58   1        LCD_putstr("Lux Value:");
  59   1        
  60   1        Enable_ADC_AIN4;
  61   1        set_EADC;
  62   1        set_EA;
  63   1      }
  64          
  65          
  66          unsigned int ADC_read(void)
  67          {
  68   1        register unsigned int value = 0x0000; 
  69   1        
  70   1        value = ADCRH;
  71   1        value <<= 4;
  72   1        value |= ADCRL;
  73   1        
  74   1        return value;
  75   1      }
  76          
  77          
  78          void lcd_print_i(unsigned char x_pos, unsigned char y_pos, unsigned int value)
  79          {  
  80   1        LCD_goto(x_pos, y_pos);
  81   1        LCD_putchar((value / 1000) + 0x30);
  82   1        LCD_goto((x_pos + 1), y_pos);
  83   1        LCD_putchar(((value % 1000) / 100) + 0x30);  
  84   1        LCD_goto((x_pos + 2), y_pos);
  85   1        LCD_putchar(((value % 100) / 10) + 0x30);
  86   1        LCD_goto((x_pos + 3), y_pos);
  87   1        LCD_putchar((value % 10) + 0x30);
  88   1      }
  89          
  90          
  91          unsigned int measure_light_intensity(void)
  92          {
  93   1        float lux = 0;
  94   1      
  95   1        lux = adc_value;
  96   1        
  97   1        lux = (LDR_constant * ((VDD / (R_fixed * lux))) - 0.1); 
  98   1      
  99   1        if((lux >= 0) && (lux <= 9999))
 100   1        {
 101   2          return ((unsigned int)lux);
 102   2        }
 103   1        else
 104   1        {
 105   2          return 0;
 106   2        }
 107   1      }


MODULE INFORMATION:   STATIC OVERLAYABLE
   CODE SIZE        =    486    ----
   CONSTANT SIZE    =     22    ----
   XDATA SIZE       =   ----    ----
   PDATA SIZE       =   ----    ----
   DATA SIZE        =      2      10
C51 COMPILER V9.56.0.0   MAIN                                                              07/25/2018 14:08:22 PAGE 3   

   IDATA SIZE       =   ----    ----
   BIT SIZE         =   ----    ----
END OF MODULE INFORMATION.


C51 COMPILATION COMPLETE.  0 WARNING(S),  0 ERROR(S)
